<?xml version="1.0" encoding="UTF-8"?>
<coverage generated="1781204027883" clover="3.2.0">
  <project timestamp="1781204027883" name="All files">
    <metrics statements="174" coveredstatements="162" conditionals="66" coveredconditionals="56" methods="74" coveredmethods="65" elements="314" coveredelements="283" complexity="0" loc="174" ncloc="174" packages="2" files="13" classes="13"/>
    <package name="src">
      <metrics statements="69" coveredstatements="57" conditionals="22" coveredconditionals="15" methods="27" coveredmethods="20"/>
      <file name="App.tsx" path="D:\Proyectos\Clay\clay-events-system-JLD\frontend\src\App.tsx">
        <metrics statements="43" coveredstatements="43" conditionals="10" coveredconditionals="9" methods="18" coveredmethods="14"/>
        <line num="14" count="1" type="stmt"/>
        <line num="15" count="1" type="stmt"/>
        <line num="18" count="1" type="stmt"/>
        <line num="21" count="33" type="stmt"/>
        <line num="22" count="33" type="stmt"/>
        <line num="27" count="33" type="stmt"/>
        <line num="28" count="33" type="stmt"/>
        <line num="30" count="33" type="stmt"/>
        <line num="35" count="33" type="stmt"/>
        <line num="36" count="33" type="stmt"/>
        <line num="38" count="33" type="stmt"/>
        <line num="41" count="33" type="stmt"/>
        <line num="42" count="14" type="stmt"/>
        <line num="43" count="16" type="stmt"/>
        <line num="44" count="16" type="stmt"/>
        <line num="48" count="14" type="stmt"/>
        <line num="49" count="14" type="stmt"/>
        <line num="50" count="14" type="stmt"/>
        <line num="52" count="2" type="stmt"/>
        <line num="56" count="14" type="stmt"/>
        <line num="57" count="14" type="stmt"/>
        <line num="58" count="14" type="stmt"/>
        <line num="63" count="33" type="stmt"/>
        <line num="64" count="19" type="stmt"/>
        <line num="65" count="12" type="stmt"/>
        <line num="67" count="19" type="cond" truecount="2" falsecount="0"/>
        <line num="68" count="12" type="stmt"/>
        <line num="69" count="6" type="stmt"/>
        <line num="73" count="33" type="stmt"/>
        <line num="76" count="33" type="stmt"/>
        <line num="77" count="32" type="stmt"/>
        <line num="80" count="33" type="stmt"/>
        <line num="82" count="33" type="stmt"/>
        <line num="83" count="33" type="stmt"/>
        <line num="88" count="33" type="stmt"/>
        <line num="89" count="11" type="stmt"/>
        <line num="92" count="33" type="stmt"/>
        <line num="93" count="11" type="stmt"/>
        <line num="97" count="33" type="stmt"/>
        <line num="98" count="32" type="stmt"/>
        <line num="99" count="20" type="cond" truecount="1" falsecount="1"/>
        <line num="100" count="10" type="stmt"/>
        <line num="102" count="33" type="stmt"/>
      </file>
      <file name="api.ts" path="D:\Proyectos\Clay\clay-events-system-JLD\frontend\src\api.ts">
        <metrics statements="15" coveredstatements="14" conditionals="8" coveredconditionals="6" methods="7" coveredmethods="6"/>
        <line num="4" count="1" type="cond" truecount="2" falsecount="0"/>
        <line num="7" count="4" type="stmt"/>
        <line num="8" count="4" type="cond" truecount="2" falsecount="0"/>
        <line num="9" count="4" type="cond" truecount="2" falsecount="0"/>
        <line num="10" count="4" type="stmt"/>
        <line num="11" count="4" type="stmt"/>
        <line num="15" count="2" type="stmt"/>
        <line num="16" count="2" type="stmt"/>
        <line num="20" count="1" type="stmt"/>
        <line num="24" count="1" type="stmt"/>
        <line num="28" count="3" type="stmt"/>
        <line num="29" count="3" type="stmt"/>
        <line num="33" count="0" type="cond" truecount="0" falsecount="2"/>
        <line num="40" count="2" type="stmt"/>
        <line num="41" count="2" type="stmt"/>
      </file>
      <file name="index.tsx" path="D:\Proyectos\Clay\clay-events-system-JLD\frontend\src\index.tsx">
        <metrics statements="3" coveredstatements="0" conditionals="0" coveredconditionals="0" methods="0" coveredmethods="0"/>
        <line num="7" count="0" type="stmt"/>
        <line num="10" count="0" type="stmt"/>
        <line num="19" count="0" type="stmt"/>
      </file>
      <file name="reportWebVitals.ts" path="D:\Proyectos\Clay\clay-events-system-JLD\frontend\src\reportWebVitals.ts">
        <metrics statements="8" coveredstatements="0" conditionals="4" coveredconditionals="0" methods="2" coveredmethods="0"/>
        <line num="3" count="0" type="stmt"/>
        <line num="4" count="0" type="cond" truecount="0" falsecount="4"/>
        <line num="5" count="0" type="stmt"/>
        <line num="6" count="0" type="stmt"/>
        <line num="7" count="0" type="stmt"/>
        <line num="8" count="0" type="stmt"/>
        <line num="9" count="0" type="stmt"/>
        <line num="10" count="0" type="stmt"/>
      </file>
      <file name="types.ts" path="D:\Proyectos\Clay\clay-events-system-JLD\frontend\src\types.ts">
        <metrics statements="0" coveredstatements="0" conditionals="0" coveredconditionals="0" methods="0" coveredmethods="0"/>
      </file>
    </package>
    <package name="src.components">
      <metrics statements="105" coveredstatements="105" conditionals="44" coveredconditionals="41" methods="47" coveredmethods="45"/>
      <file name="ChartFilter.tsx" path="D:\Proyectos\Clay\clay-events-system-JLD\frontend\src\components\ChartFilter.tsx">
        <metrics statements="7" coveredstatements="7" conditionals="2" coveredconditionals="2" methods="5" coveredmethods="5"/>
        <line num="10" count="2" type="stmt"/>
        <line num="11" count="34" type="stmt"/>
        <line num="12" count="2" type="stmt"/>
        <line num="14" count="2" type="stmt"/>
        <line num="19" count="34" type="stmt"/>
        <line num="22" count="36" type="stmt"/>
        <line num="26" count="2" type="stmt"/>
      </file>
      <file name="EventForm.tsx" path="D:\Proyectos\Clay\clay-events-system-JLD\frontend\src\components\EventForm.tsx">
        <metrics statements="62" coveredstatements="62" conditionals="24" coveredconditionals="22" methods="20" coveredmethods="18"/>
        <line num="6" count="2" type="stmt"/>
        <line num="7" count="2" type="stmt"/>
        <line num="9" count="3" type="stmt"/>
        <line num="12" count="6" type="stmt"/>
        <line num="24" count="2" type="stmt"/>
        <line num="25" count="90" type="stmt"/>
        <line num="26" count="90" type="stmt"/>
        <line num="27" count="90" type="stmt"/>
        <line num="28" count="90" type="stmt"/>
        <line num="29" count="90" type="stmt"/>
        <line num="32" count="90" type="stmt"/>
        <line num="33" count="90" type="stmt"/>
        <line num="35" count="90" type="stmt"/>
        <line num="36" count="4" type="stmt"/>
        <line num="37" count="4" type="stmt"/>
        <line num="40" count="90" type="stmt"/>
        <line num="41" count="3" type="stmt"/>
        <line num="42" count="3" type="stmt"/>
        <line num="43" count="1" type="stmt"/>
        <line num="45" count="2" type="stmt"/>
        <line num="53" count="90" type="stmt"/>
        <line num="54" count="5" type="cond" truecount="2" falsecount="0"/>
        <line num="55" count="2" type="stmt"/>
        <line num="56" count="2" type="stmt"/>
        <line num="58" count="3" type="stmt"/>
        <line num="59" count="3" type="stmt"/>
        <line num="60" count="3" type="stmt"/>
        <line num="61" count="2" type="stmt"/>
        <line num="62" count="2" type="stmt"/>
        <line num="63" count="2" type="stmt"/>
        <line num="64" count="2" type="stmt"/>
        <line num="66" count="1" type="stmt"/>
        <line num="72" count="3" type="stmt"/>
        <line num="76" count="90" type="stmt"/>
        <line num="77" count="1" type="stmt"/>
        <line num="78" count="1" type="stmt"/>
        <line num="81" count="90" type="stmt"/>
        <line num="82" count="3" type="cond" truecount="2" falsecount="0"/>
        <line num="83" count="2" type="stmt"/>
        <line num="84" count="2" type="stmt"/>
        <line num="85" count="1" type="stmt"/>
        <line num="87" count="1" type="stmt"/>
        <line num="92" count="90" type="stmt"/>
        <line num="93" count="4" type="stmt"/>
        <line num="94" count="4" type="stmt"/>
        <line num="95" count="4" type="stmt"/>
        <line num="96" count="12" type="stmt"/>
        <line num="98" count="2" type="stmt"/>
        <line num="99" count="2" type="stmt"/>
        <line num="101" count="2" type="stmt"/>
        <line num="103" count="2" type="cond" truecount="2" falsecount="0"/>
        <line num="104" count="1" type="stmt"/>
        <line num="105" count="1" type="stmt"/>
        <line num="107" count="1" type="stmt"/>
        <line num="108" count="1" type="stmt"/>
        <line num="113" count="90" type="stmt"/>
        <line num="117" count="450" type="stmt"/>
        <line num="121" count="6" type="stmt"/>
        <line num="144" count="11" type="stmt"/>
        <line num="149" count="1" type="stmt"/>
        <line num="150" count="155" type="stmt"/>
        <line num="160" count="18" type="stmt"/>
      </file>
      <file name="EventsChart.tsx" path="D:\Proyectos\Clay\clay-events-system-JLD\frontend\src\components\EventsChart.tsx">
        <metrics statements="6" coveredstatements="6" conditionals="2" coveredconditionals="2" methods="3" coveredmethods="3"/>
        <line num="16" count="2" type="stmt"/>
        <line num="17" count="35" type="cond" truecount="2" falsecount="0"/>
        <line num="18" count="24" type="stmt"/>
        <line num="21" count="11" type="stmt"/>
        <line num="27" count="4" type="stmt"/>
        <line num="31" count="20" type="stmt"/>
      </file>
      <file name="EventsTable.tsx" path="D:\Proyectos\Clay\clay-events-system-JLD\frontend\src\components\EventsTable.tsx">
        <metrics statements="3" coveredstatements="3" conditionals="2" coveredconditionals="2" methods="2" coveredmethods="2"/>
        <line num="8" count="2" type="stmt"/>
        <line num="9" count="35" type="stmt"/>
        <line num="28" count="15" type="stmt"/>
      </file>
      <file name="EventsTimeline.tsx" path="D:\Proyectos\Clay\clay-events-system-JLD\frontend\src\components\EventsTimeline.tsx">
        <metrics statements="8" coveredstatements="8" conditionals="6" coveredconditionals="6" methods="5" coveredmethods="5"/>
        <line num="14" count="2" type="stmt"/>
        <line num="16" count="2" type="stmt"/>
        <line num="22" count="2" type="stmt"/>
        <line num="23" count="40" type="stmt"/>
        <line num="26" count="1" type="stmt"/>
        <line num="30" count="120" type="stmt"/>
        <line num="49" count="9" type="stmt"/>
        <line num="50" count="9" type="cond" truecount="2" falsecount="0"/>
      </file>
      <file name="FilterSelector.tsx" path="D:\Proyectos\Clay\clay-events-system-JLD\frontend\src\components\FilterSelector.tsx">
        <metrics statements="3" coveredstatements="3" conditionals="0" coveredconditionals="0" methods="3" coveredmethods="3"/>
        <line num="10" count="2" type="stmt"/>
        <line num="11" count="34" type="stmt"/>
        <line num="14" count="35" type="stmt"/>
      </file>
      <file name="TopUsers.tsx" path="D:\Proyectos\Clay\clay-events-system-JLD\frontend\src\components\TopUsers.tsx">
        <metrics statements="5" coveredstatements="5" conditionals="2" coveredconditionals="2" methods="2" coveredmethods="2"/>
        <line num="7" count="2" type="stmt"/>
        <line num="8" count="35" type="cond" truecount="2" falsecount="0"/>
        <line num="9" count="17" type="stmt"/>
        <line num="12" count="18" type="stmt"/>
        <line num="23" count="23" type="stmt"/>
      </file>
      <file name="UserTypeDistribution.tsx" path="D:\Proyectos\Clay\clay-events-system-JLD\frontend\src\components\UserTypeDistribution.tsx">
        <metrics statements="11" coveredstatements="11" conditionals="6" coveredconditionals="5" methods="7" coveredmethods="7"/>
        <line num="16" count="2" type="stmt"/>
        <line num="17" count="34" type="cond" truecount="2" falsecount="0"/>
        <line num="18" count="30" type="stmt"/>
        <line num="21" count="12" type="stmt"/>
        <line num="23" count="4" type="stmt"/>
        <line num="24" count="8" type="stmt"/>
        <line num="25" count="12" type="stmt"/>
        <line num="26" count="16" type="cond" truecount="2" falsecount="0"/>
        <line num="27" count="8" type="stmt"/>
        <line num="30" count="4" type="stmt"/>
        <line num="39" count="8" type="cond" truecount="1" falsecount="1"/>
      </file>
    </package>
  </project>
</coverage>
