{"D:\\Proyectos\\Clay\\clay-events-system-JLD\\frontend\\src\\App.tsx": {"path":"D:\\Proyectos\\Clay\\clay-events-system-JLD\\frontend\\src\\App.tsx","statementMap":{"0":{"start":{"line":14,"column":25},"end":{"line":14,"column":29}},"1":{"start":{"line":15,"column":24},"end":{"line":15,"column":25}},"2":{"start":{"line":18,"column":21},"end":{"line":18,"column":87}},"3":{"start":{"line":21,"column":30},"end":{"line":21,"column":55}},"4":{"start":{"line":22,"column":32},"end":{"line":22,"column":101}},"5":{"start":{"line":27,"column":60},"end":{"line":27,"column":82}},"6":{"start":{"line":28,"column":58},"end":{"line":28,"column":78}},"7":{"start":{"line":30,"column":28},"end":{"line":30,"column":57}},"8":{"start":{"line":35,"column":24},"end":{"line":35,"column":54}},"9":{"start":{"line":36,"column":38},"end":{"line":36,"column":49}},"10":{"start":{"line":38,"column":25},"end":{"line":38,"column":56}},"11":{"start":{"line":38,"column":31},"end":{"line":38,"column":56}},"12":{"start":{"line":38,"column":50},"end":{"line":38,"column":55}},"13":{"start":{"line":41,"column":2},"end":{"line":59,"column":41}},"14":{"start":{"line":42,"column":22},"end":{"line":54,"column":5}},"15":{"start":{"line":43,"column":6},"end":{"line":53,"column":7}},"16":{"start":{"line":44,"column":42},"end":{"line":47,"column":10}},"17":{"start":{"line":48,"column":8},"end":{"line":48,"column":30}},"18":{"start":{"line":49,"column":8},"end":{"line":49,"column":32}},"19":{"start":{"line":50,"column":8},"end":{"line":50,"column":23}},"20":{"start":{"line":52,"column":8},"end":{"line":52,"column":55}},"21":{"start":{"line":56,"column":4},"end":{"line":56,"column":16}},"22":{"start":{"line":57,"column":21},"end":{"line":57,"column":61}},"23":{"start":{"line":58,"column":4},"end":{"line":58,"column":41}},"24":{"start":{"line":58,"column":17},"end":{"line":58,"column":40}},"25":{"start":{"line":63,"column":2},"end":{"line":71,"column":29}},"26":{"start":{"line":64,"column":21},"end":{"line":66,"column":5}},"27":{"start":{"line":65,"column":11},"end":{"line":65,"column":40}},"28":{"start":{"line":67,"column":4},"end":{"line":70,"column":5}},"29":{"start":{"line":68,"column":6},"end":{"line":68,"column":58}},"30":{"start":{"line":68,"column":28},"end":{"line":68,"column":56}},"31":{"start":{"line":69,"column":6},"end":{"line":69,"column":63}},"32":{"start":{"line":69,"column":39},"end":{"line":69,"column":61}},"33":{"start":{"line":73,"column":24},"end":{"line":73,"column":64}},"34":{"start":{"line":76,"column":43},"end":{"line":78,"column":3}},"35":{"start":{"line":77,"column":32},"end":{"line":77,"column":74}},"36":{"start":{"line":80,"column":44},"end":{"line":80,"column":81}},"37":{"start":{"line":82,"column":42},"end":{"line":82,"column":99}},"38":{"start":{"line":83,"column":60},"end":{"line":86,"column":9}},"39":{"start":{"line":88,"column":2},"end":{"line":90,"column":34}},"40":{"start":{"line":89,"column":4},"end":{"line":89,"column":71}},"41":{"start":{"line":92,"column":2},"end":{"line":94,"column":19}},"42":{"start":{"line":93,"column":4},"end":{"line":93,"column":76}},"43":{"start":{"line":97,"column":20},"end":{"line":100,"column":49}},"44":{"start":{"line":98,"column":20},"end":{"line":98,"column":56}},"45":{"start":{"line":99,"column":18},"end":{"line":99,"column":103}},"46":{"start":{"line":100,"column":20},"end":{"line":100,"column":48}},"47":{"start":{"line":102,"column":2},"end":{"line":164,"column":4}}},"fnMap":{"0":{"name":"App","decl":{"start":{"line":20,"column":9},"end":{"line":20,"column":12}},"loc":{"start":{"line":20,"column":15},"end":{"line":165,"column":1}},"line":20},"1":{"name":"(anonymous_1)","decl":{"start":{"line":38,"column":25},"end":{"line":38,"column":26}},"loc":{"start":{"line":38,"column":31},"end":{"line":38,"column":56}},"line":38},"2":{"name":"(anonymous_2)","decl":{"start":{"line":38,"column":45},"end":{"line":38,"column":46}},"loc":{"start":{"line":38,"column":50},"end":{"line":38,"column":55}},"line":38},"3":{"name":"(anonymous_3)","decl":{"start":{"line":41,"column":12},"end":{"line":41,"column":13}},"loc":{"start":{"line":41,"column":18},"end":{"line":59,"column":3}},"line":41},"4":{"name":"(anonymous_4)","decl":{"start":{"line":42,"column":22},"end":{"line":42,"column":23}},"loc":{"start":{"line":42,"column":34},"end":{"line":54,"column":5}},"line":42},"5":{"name":"(anonymous_5)","decl":{"start":{"line":58,"column":11},"end":{"line":58,"column":12}},"loc":{"start":{"line":58,"column":17},"end":{"line":58,"column":40}},"line":58},"6":{"name":"(anonymous_6)","decl":{"start":{"line":63,"column":12},"end":{"line":63,"column":13}},"loc":{"start":{"line":63,"column":18},"end":{"line":71,"column":3}},"line":63},"7":{"name":"(anonymous_7)","decl":{"start":{"line":65,"column":6},"end":{"line":65,"column":7}},"loc":{"start":{"line":65,"column":11},"end":{"line":65,"column":40}},"line":65},"8":{"name":"(anonymous_8)","decl":{"start":{"line":68,"column":23},"end":{"line":68,"column":24}},"loc":{"start":{"line":68,"column":28},"end":{"line":68,"column":56}},"line":68},"9":{"name":"(anonymous_9)","decl":{"start":{"line":69,"column":31},"end":{"line":69,"column":32}},"loc":{"start":{"line":69,"column":39},"end":{"line":69,"column":61}},"line":69},"10":{"name":"(anonymous_10)","decl":{"start":{"line":77,"column":22},"end":{"line":77,"column":23}},"loc":{"start":{"line":77,"column":32},"end":{"line":77,"column":74}},"line":77},"11":{"name":"(anonymous_11)","decl":{"start":{"line":88,"column":12},"end":{"line":88,"column":13}},"loc":{"start":{"line":88,"column":18},"end":{"line":90,"column":3}},"line":88},"12":{"name":"(anonymous_12)","decl":{"start":{"line":89,"column":61},"end":{"line":89,"column":62}},"loc":{"start":{"line":89,"column":67},"end":{"line":89,"column":69}},"line":89},"13":{"name":"(anonymous_13)","decl":{"start":{"line":92,"column":12},"end":{"line":92,"column":13}},"loc":{"start":{"line":92,"column":18},"end":{"line":94,"column":3}},"line":92},"14":{"name":"(anonymous_14)","decl":{"start":{"line":93,"column":66},"end":{"line":93,"column":67}},"loc":{"start":{"line":93,"column":72},"end":{"line":93,"column":74}},"line":93},"15":{"name":"(anonymous_15)","decl":{"start":{"line":98,"column":12},"end":{"line":98,"column":13}},"loc":{"start":{"line":98,"column":20},"end":{"line":98,"column":56}},"line":98},"16":{"name":"(anonymous_16)","decl":{"start":{"line":99,"column":9},"end":{"line":99,"column":10}},"loc":{"start":{"line":99,"column":18},"end":{"line":99,"column":103}},"line":99},"17":{"name":"(anonymous_17)","decl":{"start":{"line":100,"column":10},"end":{"line":100,"column":11}},"loc":{"start":{"line":100,"column":20},"end":{"line":100,"column":48}},"line":100}},"branchMap":{"0":{"loc":{"start":{"line":45,"column":22},"end":{"line":45,"column":55}},"type":"binary-expr","locations":[{"start":{"line":45,"column":22},"end":{"line":45,"column":42}},{"start":{"line":45,"column":46},"end":{"line":45,"column":55}}],"line":45},"1":{"loc":{"start":{"line":67,"column":4},"end":{"line":70,"column":5}},"type":"if","locations":[{"start":{"line":67,"column":4},"end":{"line":70,"column":5}},{"start":{},"end":{}}],"line":67},"2":{"loc":{"start":{"line":99,"column":74},"end":{"line":99,"column":101}},"type":"binary-expr","locations":[{"start":{"line":99,"column":74},"end":{"line":99,"column":88}},{"start":{"line":99,"column":92},"end":{"line":99,"column":101}}],"line":99},"3":{"loc":{"start":{"line":109,"column":7},"end":{"line":109,"column":48}},"type":"binary-expr","locations":[{"start":{"line":109,"column":7},"end":{"line":109,"column":12}},{"start":{"line":109,"column":16},"end":{"line":109,"column":48}}],"line":109},"4":{"loc":{"start":{"line":143,"column":17},"end":{"line":143,"column":64}},"type":"binary-expr","locations":[{"start":{"line":143,"column":17},"end":{"line":143,"column":45}},{"start":{"line":143,"column":49},"end":{"line":143,"column":64}}],"line":143}},"s":{"0":1,"1":1,"2":1,"3":33,"4":33,"5":33,"6":33,"7":33,"8":33,"9":33,"10":33,"11":0,"12":0,"13":33,"14":14,"15":16,"16":16,"17":14,"18":14,"19":14,"20":2,"21":14,"22":14,"23":14,"24":14,"25":33,"26":19,"27":12,"28":19,"29":6,"30":12,"31":6,"32":6,"33":33,"34":33,"35":32,"36":33,"37":33,"38":33,"39":33,"40":11,"41":33,"42":11,"43":33,"44":32,"45":20,"46":10,"47":33},"f":{"0":33,"1":0,"2":0,"3":14,"4":16,"5":14,"6":19,"7":12,"8":12,"9":6,"10":32,"11":11,"12":0,"13":11,"14":0,"15":32,"16":20,"17":10},"b":{"0":[16,14],"1":[6,13],"2":[20,0],"3":[33,2],"4":[33,33]},"_coverageSchema":"1a1c01bbd47fc00a2c39e90264f33305004495a9","hash":"f0522bf3139cbe1fc741f036110af734f15daaa1"}
,"D:\\Proyectos\\Clay\\clay-events-system-JLD\\frontend\\src\\api.ts": {"path":"D:\\Proyectos\\Clay\\clay-events-system-JLD\\frontend\\src\\api.ts","statementMap":{"0":{"start":{"line":4,"column":17},"end":{"line":4,"column":73}},"1":{"start":{"line":7,"column":17},"end":{"line":7,"column":38}},"2":{"start":{"line":8,"column":2},"end":{"line":8,"column":52}},"3":{"start":{"line":8,"column":17},"end":{"line":8,"column":52}},"4":{"start":{"line":9,"column":16},"end":{"line":9,"column":53}},"5":{"start":{"line":10,"column":14},"end":{"line":10,"column":84}},"6":{"start":{"line":11,"column":2},"end":{"line":11,"column":25}},"7":{"start":{"line":15,"column":14},"end":{"line":15,"column":61}},"8":{"start":{"line":16,"column":2},"end":{"line":16,"column":18}},"9":{"start":{"line":20,"column":2},"end":{"line":20,"column":48}},"10":{"start":{"line":24,"column":2},"end":{"line":24,"column":43}},"11":{"start":{"line":28,"column":14},"end":{"line":28,"column":131}},"12":{"start":{"line":29,"column":2},"end":{"line":29,"column":23}},"13":{"start":{"line":33,"column":2},"end":{"line":33,"column":65}},"14":{"start":{"line":40,"column":14},"end":{"line":40,"column":155}},"15":{"start":{"line":41,"column":2},"end":{"line":41,"column":23}}},"fnMap":{"0":{"name":"fetchEvents","decl":{"start":{"line":6,"column":22},"end":{"line":6,"column":33}},"loc":{"start":{"line":6,"column":76},"end":{"line":12,"column":1}},"line":6},"1":{"name":"fetchMetrics","decl":{"start":{"line":14,"column":22},"end":{"line":14,"column":34}},"loc":{"start":{"line":14,"column":55},"end":{"line":17,"column":1}},"line":14},"2":{"name":"postEvent","decl":{"start":{"line":19,"column":22},"end":{"line":19,"column":31}},"loc":{"start":{"line":19,"column":78},"end":{"line":21,"column":1}},"line":19},"3":{"name":"deleteAllEvents","decl":{"start":{"line":23,"column":22},"end":{"line":23,"column":37}},"loc":{"start":{"line":23,"column":55},"end":{"line":25,"column":1}},"line":23},"4":{"name":"fetchTimeline","decl":{"start":{"line":27,"column":22},"end":{"line":27,"column":35}},"loc":{"start":{"line":27,"column":119},"end":{"line":30,"column":1}},"line":27},"5":{"name":"isRateLimitError","decl":{"start":{"line":32,"column":16},"end":{"line":32,"column":32}},"loc":{"start":{"line":32,"column":56},"end":{"line":34,"column":1}},"line":32},"6":{"name":"fetchUsersDistribution","decl":{"start":{"line":36,"column":22},"end":{"line":36,"column":44}},"loc":{"start":{"line":39,"column":4},"end":{"line":42,"column":1}},"line":39}},"branchMap":{"0":{"loc":{"start":{"line":4,"column":17},"end":{"line":4,"column":73}},"type":"binary-expr","locations":[{"start":{"line":4,"column":17},"end":{"line":4,"column":46}},{"start":{"line":4,"column":50},"end":{"line":4,"column":73}}],"line":4},"1":{"loc":{"start":{"line":8,"column":2},"end":{"line":8,"column":52}},"type":"if","locations":[{"start":{"line":8,"column":2},"end":{"line":8,"column":52}},{"start":{},"end":{}}],"line":8},"2":{"loc":{"start":{"line":9,"column":16},"end":{"line":9,"column":53}},"type":"cond-expr","locations":[{"start":{"line":9,"column":36},"end":{"line":9,"column":48}},{"start":{"line":9,"column":51},"end":{"line":9,"column":53}}],"line":9},"3":{"loc":{"start":{"line":33,"column":9},"end":{"line":33,"column":64}},"type":"binary-expr","locations":[{"start":{"line":33,"column":9},"end":{"line":33,"column":32}},{"start":{"line":33,"column":36},"end":{"line":33,"column":64}}],"line":33}},"s":{"0":1,"1":4,"2":4,"3":1,"4":4,"5":4,"6":4,"7":2,"8":2,"9":1,"10":1,"11":3,"12":3,"13":0,"14":2,"15":2},"f":{"0":4,"1":2,"2":1,"3":1,"4":3,"5":0,"6":2},"b":{"0":[1,1],"1":[1,3],"2":[1,3],"3":[0,0]},"_coverageSchema":"1a1c01bbd47fc00a2c39e90264f33305004495a9","hash":"541eec4befb031e0363a1bb1a92c39c287ee9ba7"}
,"D:\\Proyectos\\Clay\\clay-events-system-JLD\\frontend\\src\\index.tsx": {"path":"D:\\Proyectos\\Clay\\clay-events-system-JLD\\frontend\\src\\index.tsx","statementMap":{"0":{"start":{"line":7,"column":13},"end":{"line":9,"column":1}},"1":{"start":{"line":10,"column":0},"end":{"line":14,"column":2}},"2":{"start":{"line":19,"column":0},"end":{"line":19,"column":18}}},"fnMap":{},"branchMap":{},"s":{"0":0,"1":0,"2":0},"f":{},"b":{}}
,"D:\\Proyectos\\Clay\\clay-events-system-JLD\\frontend\\src\\reportWebVitals.ts": {"path":"D:\\Proyectos\\Clay\\clay-events-system-JLD\\frontend\\src\\reportWebVitals.ts","statementMap":{"0":{"start":{"line":3,"column":24},"end":{"line":13,"column":1}},"1":{"start":{"line":4,"column":2},"end":{"line":12,"column":3}},"2":{"start":{"line":5,"column":4},"end":{"line":11,"column":7}},"3":{"start":{"line":6,"column":6},"end":{"line":6,"column":26}},"4":{"start":{"line":7,"column":6},"end":{"line":7,"column":26}},"5":{"start":{"line":8,"column":6},"end":{"line":8,"column":26}},"6":{"start":{"line":9,"column":6},"end":{"line":9,"column":26}},"7":{"start":{"line":10,"column":6},"end":{"line":10,"column":27}}},"fnMap":{"0":{"name":"(anonymous_0)","decl":{"start":{"line":3,"column":24},"end":{"line":3,"column":25}},"loc":{"start":{"line":3,"column":57},"end":{"line":13,"column":1}},"line":3},"1":{"name":"(anonymous_1)","decl":{"start":{"line":5,"column":30},"end":{"line":5,"column":31}},"loc":{"start":{"line":5,"column":79},"end":{"line":11,"column":5}},"line":5}},"branchMap":{"0":{"loc":{"start":{"line":4,"column":2},"end":{"line":12,"column":3}},"type":"if","locations":[{"start":{"line":4,"column":2},"end":{"line":12,"column":3}},{"start":{},"end":{}}],"line":4},"1":{"loc":{"start":{"line":4,"column":6},"end":{"line":4,"column":52}},"type":"binary-expr","locations":[{"start":{"line":4,"column":6},"end":{"line":4,"column":17}},{"start":{"line":4,"column":21},"end":{"line":4,"column":52}}],"line":4}},"s":{"0":0,"1":0,"2":0,"3":0,"4":0,"5":0,"6":0,"7":0},"f":{"0":0,"1":0},"b":{"0":[0,0],"1":[0,0]}}
,"D:\\Proyectos\\Clay\\clay-events-system-JLD\\frontend\\src\\types.ts": {"path":"D:\\Proyectos\\Clay\\clay-events-system-JLD\\frontend\\src\\types.ts","statementMap":{},"fnMap":{},"branchMap":{},"s":{},"f":{},"b":{}}
,"D:\\Proyectos\\Clay\\clay-events-system-JLD\\frontend\\src\\components\\ChartFilter.tsx": {"path":"D:\\Proyectos\\Clay\\clay-events-system-JLD\\frontend\\src\\components\\ChartFilter.tsx","statementMap":{"0":{"start":{"line":10,"column":31},"end":{"line":34,"column":1}},"1":{"start":{"line":11,"column":17},"end":{"line":17,"column":3}},"2":{"start":{"line":12,"column":4},"end":{"line":16,"column":6}},"3":{"start":{"line":14,"column":31},"end":{"line":14,"column":41}},"4":{"start":{"line":19,"column":2},"end":{"line":33,"column":4}},"5":{"start":{"line":22,"column":8},"end":{"line":30,"column":16}},"6":{"start":{"line":26,"column":28},"end":{"line":26,"column":40}}},"fnMap":{"0":{"name":"(anonymous_0)","decl":{"start":{"line":10,"column":31},"end":{"line":10,"column":32}},"loc":{"start":{"line":10,"column":76},"end":{"line":34,"column":1}},"line":10},"1":{"name":"(anonymous_1)","decl":{"start":{"line":11,"column":17},"end":{"line":11,"column":18}},"loc":{"start":{"line":11,"column":35},"end":{"line":17,"column":3}},"line":11},"2":{"name":"(anonymous_2)","decl":{"start":{"line":14,"column":26},"end":{"line":14,"column":27}},"loc":{"start":{"line":14,"column":31},"end":{"line":14,"column":41}},"line":14},"3":{"name":"(anonymous_3)","decl":{"start":{"line":21,"column":17},"end":{"line":21,"column":18}},"loc":{"start":{"line":22,"column":8},"end":{"line":30,"column":16}},"line":22},"4":{"name":"(anonymous_4)","decl":{"start":{"line":26,"column":22},"end":{"line":26,"column":23}},"loc":{"start":{"line":26,"column":28},"end":{"line":26,"column":40}},"line":26}},"branchMap":{"0":{"loc":{"start":{"line":13,"column":6},"end":{"line":15,"column":29}},"type":"cond-expr","locations":[{"start":{"line":14,"column":10},"end":{"line":14,"column":42}},{"start":{"line":15,"column":10},"end":{"line":15,"column":29}}],"line":13}},"s":{"0":2,"1":34,"2":2,"3":2,"4":34,"5":36,"6":2},"f":{"0":34,"1":2,"2":2,"3":36,"4":2},"b":{"0":[1,1]},"_coverageSchema":"1a1c01bbd47fc00a2c39e90264f33305004495a9","hash":"9d727fa2df8de713b5870609dbbe8723b72b1d4c"}
,"D:\\Proyectos\\Clay\\clay-events-system-JLD\\frontend\\src\\components\\EventForm.tsx": {"path":"D:\\Proyectos\\Clay\\clay-events-system-JLD\\frontend\\src\\components\\EventForm.tsx","statementMap":{"0":{"start":{"line":6,"column":20},"end":{"line":6,"column":69}},"1":{"start":{"line":7,"column":28},"end":{"line":7,"column":32}},"2":{"start":{"line":9,"column":21},"end":{"line":9,"column":71}},"3":{"start":{"line":9,"column":27},"end":{"line":9,"column":71}},"4":{"start":{"line":12,"column":19},"end":{"line":18,"column":2}},"5":{"start":{"line":12,"column":59},"end":{"line":18,"column":1}},"6":{"start":{"line":24,"column":29},"end":{"line":180,"column":1}},"7":{"start":{"line":25,"column":30},"end":{"line":25,"column":45}},"8":{"start":{"line":26,"column":34},"end":{"line":26,"column":51}},"9":{"start":{"line":27,"column":38},"end":{"line":27,"column":50}},"10":{"start":{"line":28,"column":36},"end":{"line":28,"column":48}},"11":{"start":{"line":29,"column":42},"end":{"line":29,"column":57}},"12":{"start":{"line":32,"column":38},"end":{"line":32,"column":93}},"13":{"start":{"line":33,"column":40},"end":{"line":33,"column":69}},"14":{"start":{"line":35,"column":26},"end":{"line":38,"column":3}},"15":{"start":{"line":36,"column":4},"end":{"line":36,"column":24}},"16":{"start":{"line":37,"column":4},"end":{"line":37,"column":64}},"17":{"start":{"line":37,"column":21},"end":{"line":37,"column":41}},"18":{"start":{"line":40,"column":25},"end":{"line":51,"column":3}},"19":{"start":{"line":41,"column":4},"end":{"line":50,"column":5}},"20":{"start":{"line":42,"column":6},"end":{"line":42,"column":61}},"21":{"start":{"line":43,"column":6},"end":{"line":43,"column":21}},"22":{"start":{"line":45,"column":6},"end":{"line":49,"column":8}},"23":{"start":{"line":53,"column":23},"end":{"line":74,"column":3}},"24":{"start":{"line":54,"column":4},"end":{"line":57,"column":5}},"25":{"start":{"line":55,"column":6},"end":{"line":55,"column":46}},"26":{"start":{"line":56,"column":6},"end":{"line":56,"column":13}},"27":{"start":{"line":58,"column":4},"end":{"line":58,"column":26}},"28":{"start":{"line":59,"column":4},"end":{"line":73,"column":5}},"29":{"start":{"line":60,"column":6},"end":{"line":60,"column":63}},"30":{"start":{"line":61,"column":6},"end":{"line":61,"column":21}},"31":{"start":{"line":62,"column":6},"end":{"line":62,"column":23}},"32":{"start":{"line":63,"column":6},"end":{"line":63,"column":24}},"33":{"start":{"line":64,"column":6},"end":{"line":64,"column":23}},"34":{"start":{"line":66,"column":6},"end":{"line":70,"column":8}},"35":{"start":{"line":72,"column":6},"end":{"line":72,"column":29}},"36":{"start":{"line":76,"column":22},"end":{"line":79,"column":3}},"37":{"start":{"line":77,"column":4},"end":{"line":77,"column":21}},"38":{"start":{"line":78,"column":4},"end":{"line":78,"column":21}},"39":{"start":{"line":81,"column":25},"end":{"line":89,"column":3}},"40":{"start":{"line":82,"column":4},"end":{"line":82,"column":143}},"41":{"start":{"line":82,"column":136},"end":{"line":82,"column":143}},"42":{"start":{"line":83,"column":4},"end":{"line":88,"column":5}},"43":{"start":{"line":84,"column":6},"end":{"line":84,"column":30}},"44":{"start":{"line":85,"column":6},"end":{"line":85,"column":21}},"45":{"start":{"line":87,"column":6},"end":{"line":87,"column":52}},"46":{"start":{"line":92,"column":25},"end":{"line":111,"column":3}},"47":{"start":{"line":93,"column":4},"end":{"line":93,"column":29}},"48":{"start":{"line":94,"column":4},"end":{"line":110,"column":5}},"49":{"start":{"line":95,"column":6},"end":{"line":97,"column":8}},"50":{"start":{"line":96,"column":62},"end":{"line":96,"column":78}},"51":{"start":{"line":98,"column":6},"end":{"line":98,"column":21}},"52":{"start":{"line":99,"column":6},"end":{"line":99,"column":28}},"53":{"start":{"line":101,"column":6},"end":{"line":101,"column":67}},"54":{"start":{"line":101,"column":23},"end":{"line":101,"column":44}},"55":{"start":{"line":103,"column":6},"end":{"line":109,"column":7}},"56":{"start":{"line":104,"column":8},"end":{"line":104,"column":30}},"57":{"start":{"line":105,"column":8},"end":{"line":105,"column":98}},"58":{"start":{"line":107,"column":8},"end":{"line":107,"column":31}},"59":{"start":{"line":108,"column":8},"end":{"line":108,"column":69}},"60":{"start":{"line":108,"column":25},"end":{"line":108,"column":46}},"61":{"start":{"line":113,"column":2},"end":{"line":179,"column":4}},"62":{"start":{"line":117,"column":10},"end":{"line":119,"column":19}},"63":{"start":{"line":117,"column":66},"end":{"line":117,"column":86}},"64":{"start":{"line":121,"column":54},"end":{"line":121,"column":69}},"65":{"start":{"line":144,"column":47},"end":{"line":144,"column":66}},"66":{"start":{"line":149,"column":75},"end":{"line":149,"column":102}},"67":{"start":{"line":150,"column":38},"end":{"line":150,"column":76}},"68":{"start":{"line":160,"column":31},"end":{"line":160,"column":60}}},"fnMap":{"0":{"name":"(anonymous_0)","decl":{"start":{"line":9,"column":21},"end":{"line":9,"column":22}},"loc":{"start":{"line":9,"column":27},"end":{"line":9,"column":71}},"line":9},"1":{"name":"(anonymous_1)","decl":{"start":{"line":12,"column":19},"end":{"line":12,"column":20}},"loc":{"start":{"line":12,"column":59},"end":{"line":18,"column":1}},"line":12},"2":{"name":"(anonymous_2)","decl":{"start":{"line":24,"column":29},"end":{"line":24,"column":30}},"loc":{"start":{"line":24,"column":51},"end":{"line":180,"column":1}},"line":24},"3":{"name":"(anonymous_3)","decl":{"start":{"line":35,"column":26},"end":{"line":35,"column":27}},"loc":{"start":{"line":35,"column":43},"end":{"line":38,"column":3}},"line":35},"4":{"name":"(anonymous_4)","decl":{"start":{"line":37,"column":15},"end":{"line":37,"column":16}},"loc":{"start":{"line":37,"column":21},"end":{"line":37,"column":41}},"line":37},"5":{"name":"(anonymous_5)","decl":{"start":{"line":40,"column":25},"end":{"line":40,"column":26}},"loc":{"start":{"line":40,"column":54},"end":{"line":51,"column":3}},"line":40},"6":{"name":"(anonymous_6)","decl":{"start":{"line":53,"column":23},"end":{"line":53,"column":24}},"loc":{"start":{"line":53,"column":35},"end":{"line":74,"column":3}},"line":53},"7":{"name":"(anonymous_7)","decl":{"start":{"line":76,"column":22},"end":{"line":76,"column":23}},"loc":{"start":{"line":76,"column":28},"end":{"line":79,"column":3}},"line":76},"8":{"name":"(anonymous_8)","decl":{"start":{"line":81,"column":25},"end":{"line":81,"column":26}},"loc":{"start":{"line":81,"column":37},"end":{"line":89,"column":3}},"line":81},"9":{"name":"(anonymous_9)","decl":{"start":{"line":92,"column":25},"end":{"line":92,"column":26}},"loc":{"start":{"line":92,"column":37},"end":{"line":111,"column":3}},"line":92},"10":{"name":"(anonymous_10)","decl":{"start":{"line":96,"column":53},"end":{"line":96,"column":54}},"loc":{"start":{"line":96,"column":62},"end":{"line":96,"column":78}},"line":96},"11":{"name":"(anonymous_11)","decl":{"start":{"line":101,"column":17},"end":{"line":101,"column":18}},"loc":{"start":{"line":101,"column":23},"end":{"line":101,"column":44}},"line":101},"12":{"name":"(anonymous_12)","decl":{"start":{"line":108,"column":19},"end":{"line":108,"column":20}},"loc":{"start":{"line":108,"column":25},"end":{"line":108,"column":46}},"line":108},"13":{"name":"(anonymous_13)","decl":{"start":{"line":116,"column":25},"end":{"line":116,"column":26}},"loc":{"start":{"line":117,"column":10},"end":{"line":119,"column":19}},"line":117},"14":{"name":"(anonymous_14)","decl":{"start":{"line":117,"column":60},"end":{"line":117,"column":61}},"loc":{"start":{"line":117,"column":66},"end":{"line":117,"column":86}},"line":117},"15":{"name":"(anonymous_15)","decl":{"start":{"line":121,"column":48},"end":{"line":121,"column":49}},"loc":{"start":{"line":121,"column":54},"end":{"line":121,"column":69}},"line":121},"16":{"name":"(anonymous_16)","decl":{"start":{"line":144,"column":42},"end":{"line":144,"column":43}},"loc":{"start":{"line":144,"column":47},"end":{"line":144,"column":66}},"line":144},"17":{"name":"(anonymous_17)","decl":{"start":{"line":149,"column":70},"end":{"line":149,"column":71}},"loc":{"start":{"line":149,"column":75},"end":{"line":149,"column":102}},"line":149},"18":{"name":"(anonymous_18)","decl":{"start":{"line":150,"column":33},"end":{"line":150,"column":34}},"loc":{"start":{"line":150,"column":38},"end":{"line":150,"column":76}},"line":150},"19":{"name":"(anonymous_19)","decl":{"start":{"line":160,"column":26},"end":{"line":160,"column":27}},"loc":{"start":{"line":160,"column":31},"end":{"line":160,"column":60}},"line":160}},"branchMap":{"0":{"loc":{"start":{"line":46,"column":8},"end":{"line":48,"column":52}},"type":"cond-expr","locations":[{"start":{"line":47,"column":12},"end":{"line":47,"column":73}},{"start":{"line":48,"column":12},"end":{"line":48,"column":52}}],"line":46},"1":{"loc":{"start":{"line":54,"column":4},"end":{"line":57,"column":5}},"type":"if","locations":[{"start":{"line":54,"column":4},"end":{"line":57,"column":5}},{"start":{},"end":{}}],"line":54},"2":{"loc":{"start":{"line":67,"column":8},"end":{"line":69,"column":40}},"type":"cond-expr","locations":[{"start":{"line":68,"column":12},"end":{"line":68,"column":73}},{"start":{"line":69,"column":12},"end":{"line":69,"column":40}}],"line":67},"3":{"loc":{"start":{"line":82,"column":4},"end":{"line":82,"column":143}},"type":"if","locations":[{"start":{"line":82,"column":4},"end":{"line":82,"column":143}},{"start":{},"end":{}}],"line":82},"4":{"loc":{"start":{"line":103,"column":6},"end":{"line":109,"column":7}},"type":"if","locations":[{"start":{"line":103,"column":6},"end":{"line":109,"column":7}},{"start":{"line":106,"column":13},"end":{"line":109,"column":7}}],"line":103},"5":{"loc":{"start":{"line":132,"column":11},"end":{"line":132,"column":80}},"type":"cond-expr","locations":[{"start":{"line":132,"column":38},"end":{"line":132,"column":51}},{"start":{"line":132,"column":54},"end":{"line":132,"column":80}}],"line":132},"6":{"loc":{"start":{"line":134,"column":9},"end":{"line":134,"column":120}},"type":"binary-expr","locations":[{"start":{"line":134,"column":9},"end":{"line":134,"column":30}},{"start":{"line":134,"column":35},"end":{"line":134,"column":120}}],"line":134},"7":{"loc":{"start":{"line":135,"column":9},"end":{"line":135,"column":108}},"type":"binary-expr","locations":[{"start":{"line":135,"column":9},"end":{"line":135,"column":31}},{"start":{"line":135,"column":35},"end":{"line":135,"column":108}}],"line":135},"8":{"loc":{"start":{"line":140,"column":7},"end":{"line":140,"column":65}},"type":"binary-expr","locations":[{"start":{"line":140,"column":7},"end":{"line":140,"column":18}},{"start":{"line":140,"column":22},"end":{"line":140,"column":65}}],"line":140},"9":{"loc":{"start":{"line":142,"column":7},"end":{"line":177,"column":7}},"type":"binary-expr","locations":[{"start":{"line":142,"column":7},"end":{"line":142,"column":13}},{"start":{"line":143,"column":8},"end":{"line":176,"column":14}}],"line":142},"10":{"loc":{"start":{"line":165,"column":13},"end":{"line":165,"column":67}},"type":"binary-expr","locations":[{"start":{"line":165,"column":13},"end":{"line":165,"column":22}},{"start":{"line":165,"column":26},"end":{"line":165,"column":67}}],"line":165},"11":{"loc":{"start":{"line":169,"column":17},"end":{"line":169,"column":58}},"type":"cond-expr","locations":[{"start":{"line":169,"column":32},"end":{"line":169,"column":46}},{"start":{"line":169,"column":49},"end":{"line":169,"column":58}}],"line":169}},"s":{"0":2,"1":2,"2":2,"3":3,"4":2,"5":6,"6":2,"7":90,"8":90,"9":90,"10":90,"11":90,"12":90,"13":90,"14":90,"15":4,"16":4,"17":1,"18":90,"19":3,"20":3,"21":1,"22":2,"23":90,"24":5,"25":2,"26":2,"27":3,"28":3,"29":3,"30":2,"31":2,"32":2,"33":2,"34":1,"35":3,"36":90,"37":1,"38":1,"39":90,"40":3,"41":1,"42":2,"43":2,"44":1,"45":1,"46":90,"47":4,"48":4,"49":4,"50":12,"51":2,"52":2,"53":2,"54":0,"55":2,"56":1,"57":1,"58":1,"59":1,"60":0,"61":90,"62":450,"63":3,"64":6,"65":11,"66":1,"67":155,"68":18},"f":{"0":3,"1":6,"2":90,"3":4,"4":1,"5":3,"6":5,"7":1,"8":3,"9":4,"10":12,"11":0,"12":0,"13":450,"14":3,"15":6,"16":11,"17":1,"18":155,"19":18},"b":{"0":[0,2],"1":[2,3],"2":[0,1],"3":[1,2],"4":[1,1],"5":[4,86],"6":[90,2],"7":[90,1],"8":[90,4],"9":[90,31],"10":[31,3],"11":[3,28]},"_coverageSchema":"1a1c01bbd47fc00a2c39e90264f33305004495a9","hash":"63506230f04fef8ca61ccb832478a3d89ef706f3"}
,"D:\\Proyectos\\Clay\\clay-events-system-JLD\\frontend\\src\\components\\EventsChart.tsx": {"path":"D:\\Proyectos\\Clay\\clay-events-system-JLD\\frontend\\src\\components\\EventsChart.tsx","statementMap":{"0":{"start":{"line":16,"column":31},"end":{"line":37,"column":1}},"1":{"start":{"line":17,"column":2},"end":{"line":19,"column":3}},"2":{"start":{"line":18,"column":4},"end":{"line":18,"column":59}},"3":{"start":{"line":21,"column":2},"end":{"line":36,"column":4}},"4":{"start":{"line":27,"column":39},"end":{"line":27,"column":57}},"5":{"start":{"line":31,"column":12},"end":{"line":31,"column":56}}},"fnMap":{"0":{"name":"(anonymous_0)","decl":{"start":{"line":16,"column":31},"end":{"line":16,"column":32}},"loc":{"start":{"line":16,"column":45},"end":{"line":37,"column":1}},"line":16},"1":{"name":"(anonymous_1)","decl":{"start":{"line":27,"column":28},"end":{"line":27,"column":29}},"loc":{"start":{"line":27,"column":39},"end":{"line":27,"column":57}},"line":27},"2":{"name":"(anonymous_2)","decl":{"start":{"line":30,"column":20},"end":{"line":30,"column":21}},"loc":{"start":{"line":31,"column":12},"end":{"line":31,"column":56}},"line":31}},"branchMap":{"0":{"loc":{"start":{"line":17,"column":2},"end":{"line":19,"column":3}},"type":"if","locations":[{"start":{"line":17,"column":2},"end":{"line":19,"column":3}},{"start":{},"end":{}}],"line":17}},"s":{"0":2,"1":35,"2":24,"3":11,"4":4,"5":20},"f":{"0":35,"1":4,"2":20},"b":{"0":[24,11]},"_coverageSchema":"1a1c01bbd47fc00a2c39e90264f33305004495a9","hash":"d33893c640aa7ac30c8f9b77743263f4235b4271"}
,"D:\\Proyectos\\Clay\\clay-events-system-JLD\\frontend\\src\\components\\EventsTable.tsx": {"path":"D:\\Proyectos\\Clay\\clay-events-system-JLD\\frontend\\src\\components\\EventsTable.tsx","statementMap":{"0":{"start":{"line":8,"column":37},"end":{"line":37,"column":1}},"1":{"start":{"line":9,"column":2},"end":{"line":36,"column":10}},"2":{"start":{"line":28,"column":8},"end":{"line":33,"column":13}}},"fnMap":{"0":{"name":"(anonymous_0)","decl":{"start":{"line":8,"column":37},"end":{"line":8,"column":38}},"loc":{"start":{"line":9,"column":2},"end":{"line":36,"column":10}},"line":9},"1":{"name":"(anonymous_1)","decl":{"start":{"line":24,"column":18},"end":{"line":24,"column":19}},"loc":{"start":{"line":28,"column":8},"end":{"line":33,"column":13}},"line":28}},"branchMap":{"0":{"loc":{"start":{"line":19,"column":7},"end":{"line":23,"column":7}},"type":"binary-expr","locations":[{"start":{"line":19,"column":7},"end":{"line":19,"column":26}},{"start":{"line":20,"column":8},"end":{"line":22,"column":13}}],"line":19}},"s":{"0":2,"1":35,"2":15},"f":{"0":35,"1":15},"b":{"0":[35,23]},"_coverageSchema":"1a1c01bbd47fc00a2c39e90264f33305004495a9","hash":"938a9f2de864f481362d040c2981c159b92803f4"}
,"D:\\Proyectos\\Clay\\clay-events-system-JLD\\frontend\\src\\components\\EventsTimeline.tsx": {"path":"D:\\Proyectos\\Clay\\clay-events-system-JLD\\frontend\\src\\components\\EventsTimeline.tsx","statementMap":{"0":{"start":{"line":14,"column":19},"end":{"line":14,"column":28}},"1":{"start":{"line":16,"column":57},"end":{"line":20,"column":1}},"2":{"start":{"line":22,"column":34},"end":{"line":57,"column":1}},"3":{"start":{"line":23,"column":2},"end":{"line":56,"column":8}},"4":{"start":{"line":26,"column":21},"end":{"line":26,"column":59}},"5":{"start":{"line":30,"column":8},"end":{"line":30,"column":70}},"6":{"start":{"line":49,"column":34},"end":{"line":49,"column":52}},"7":{"start":{"line":50,"column":40},"end":{"line":50,"column":92}}},"fnMap":{"0":{"name":"(anonymous_0)","decl":{"start":{"line":22,"column":34},"end":{"line":22,"column":35}},"loc":{"start":{"line":23,"column":2},"end":{"line":56,"column":8}},"line":23},"1":{"name":"(anonymous_1)","decl":{"start":{"line":26,"column":16},"end":{"line":26,"column":17}},"loc":{"start":{"line":26,"column":21},"end":{"line":26,"column":59}},"line":26},"2":{"name":"(anonymous_2)","decl":{"start":{"line":29,"column":25},"end":{"line":29,"column":26}},"loc":{"start":{"line":30,"column":8},"end":{"line":30,"column":70}},"line":30},"3":{"name":"(anonymous_3)","decl":{"start":{"line":49,"column":23},"end":{"line":49,"column":24}},"loc":{"start":{"line":49,"column":34},"end":{"line":49,"column":52}},"line":49},"4":{"name":"(anonymous_4)","decl":{"start":{"line":50,"column":28},"end":{"line":50,"column":29}},"loc":{"start":{"line":50,"column":40},"end":{"line":50,"column":92}},"line":50}},"branchMap":{"0":{"loc":{"start":{"line":34,"column":5},"end":{"line":55,"column":5}},"type":"cond-expr","locations":[{"start":{"line":35,"column":6},"end":{"line":35,"column":40}},{"start":{"line":37,"column":6},"end":{"line":54,"column":28}}],"line":34},"1":{"loc":{"start":{"line":42,"column":28},"end":{"line":42,"column":60}},"type":"cond-expr","locations":[{"start":{"line":42,"column":46},"end":{"line":42,"column":52}},{"start":{"line":42,"column":55},"end":{"line":42,"column":60}}],"line":42},"2":{"loc":{"start":{"line":50,"column":40},"end":{"line":50,"column":92}},"type":"cond-expr","locations":[{"start":{"line":50,"column":58},"end":{"line":50,"column":74}},{"start":{"line":50,"column":77},"end":{"line":50,"column":92}}],"line":50}},"s":{"0":2,"1":2,"2":2,"3":40,"4":1,"5":120,"6":9,"7":9},"f":{"0":40,"1":1,"2":120,"3":9,"4":9},"b":{"0":[31,9],"1":[7,2],"2":[7,2]},"_coverageSchema":"1a1c01bbd47fc00a2c39e90264f33305004495a9","hash":"b6a8df107e8e0070c6316a23ae9e43b7505dea2c"}
,"D:\\Proyectos\\Clay\\clay-events-system-JLD\\frontend\\src\\components\\FilterSelector.tsx": {"path":"D:\\Proyectos\\Clay\\clay-events-system-JLD\\frontend\\src\\components\\FilterSelector.tsx","statementMap":{"0":{"start":{"line":10,"column":40},"end":{"line":17,"column":1}},"1":{"start":{"line":11,"column":2},"end":{"line":16,"column":11}},"2":{"start":{"line":11,"column":50},"end":{"line":11,"column":74}},"3":{"start":{"line":14,"column":6},"end":{"line":14,"column":44}}},"fnMap":{"0":{"name":"(anonymous_0)","decl":{"start":{"line":10,"column":40},"end":{"line":10,"column":41}},"loc":{"start":{"line":11,"column":2},"end":{"line":16,"column":11}},"line":11},"1":{"name":"(anonymous_1)","decl":{"start":{"line":11,"column":45},"end":{"line":11,"column":46}},"loc":{"start":{"line":11,"column":50},"end":{"line":11,"column":74}},"line":11},"2":{"name":"(anonymous_2)","decl":{"start":{"line":13,"column":15},"end":{"line":13,"column":16}},"loc":{"start":{"line":14,"column":6},"end":{"line":14,"column":44}},"line":14}},"branchMap":{},"s":{"0":2,"1":34,"2":5,"3":35},"f":{"0":34,"1":5,"2":35},"b":{},"_coverageSchema":"1a1c01bbd47fc00a2c39e90264f33305004495a9","hash":"80d50b21dccc584382a088c78a46e40a70cfcaf3"}
,"D:\\Proyectos\\Clay\\clay-events-system-JLD\\frontend\\src\\components\\TopUsers.tsx": {"path":"D:\\Proyectos\\Clay\\clay-events-system-JLD\\frontend\\src\\components\\TopUsers.tsx","statementMap":{"0":{"start":{"line":7,"column":34},"end":{"line":32,"column":1}},"1":{"start":{"line":8,"column":2},"end":{"line":10,"column":3}},"2":{"start":{"line":9,"column":4},"end":{"line":9,"column":58}},"3":{"start":{"line":12,"column":2},"end":{"line":31,"column":4}},"4":{"start":{"line":23,"column":10},"end":{"line":27,"column":15}}},"fnMap":{"0":{"name":"(anonymous_0)","decl":{"start":{"line":7,"column":34},"end":{"line":7,"column":35}},"loc":{"start":{"line":7,"column":49},"end":{"line":32,"column":1}},"line":7},"1":{"name":"(anonymous_1)","decl":{"start":{"line":22,"column":19},"end":{"line":22,"column":20}},"loc":{"start":{"line":23,"column":10},"end":{"line":27,"column":15}},"line":23}},"branchMap":{"0":{"loc":{"start":{"line":8,"column":2},"end":{"line":10,"column":3}},"type":"if","locations":[{"start":{"line":8,"column":2},"end":{"line":10,"column":3}},{"start":{},"end":{}}],"line":8}},"s":{"0":2,"1":35,"2":17,"3":18,"4":23},"f":{"0":35,"1":23},"b":{"0":[17,18]},"_coverageSchema":"1a1c01bbd47fc00a2c39e90264f33305004495a9","hash":"2623900f7b948caa2fc0c45359fb2e8130e5bee9"}
,"D:\\Proyectos\\Clay\\clay-events-system-JLD\\frontend\\src\\components\\UserTypeDistribution.tsx": {"path":"D:\\Proyectos\\Clay\\clay-events-system-JLD\\frontend\\src\\components\\UserTypeDistribution.tsx","statementMap":{"0":{"start":{"line":16,"column":40},"end":{"line":44,"column":1}},"1":{"start":{"line":17,"column":2},"end":{"line":19,"column":3}},"2":{"start":{"line":18,"column":4},"end":{"line":18,"column":46}},"3":{"start":{"line":21,"column":19},"end":{"line":21,"column":90}},"4":{"start":{"line":21,"column":56},"end":{"line":21,"column":80}},"5":{"start":{"line":21,"column":73},"end":{"line":21,"column":79}},"6":{"start":{"line":23,"column":20},"end":{"line":28,"column":4}},"7":{"start":{"line":24,"column":51},"end":{"line":24,"column":74}},"8":{"start":{"line":25,"column":4},"end":{"line":25,"column":58}},"9":{"start":{"line":25,"column":30},"end":{"line":25,"column":54}},"10":{"start":{"line":26,"column":4},"end":{"line":26,"column":82}},"11":{"start":{"line":26,"column":31},"end":{"line":26,"column":78}},"12":{"start":{"line":26,"column":62},"end":{"line":26,"column":78}},"13":{"start":{"line":27,"column":4},"end":{"line":27,"column":17}},"14":{"start":{"line":30,"column":2},"end":{"line":43,"column":4}},"15":{"start":{"line":39,"column":10},"end":{"line":39,"column":102}}},"fnMap":{"0":{"name":"(anonymous_0)","decl":{"start":{"line":16,"column":40},"end":{"line":16,"column":41}},"loc":{"start":{"line":16,"column":64},"end":{"line":44,"column":1}},"line":16},"1":{"name":"(anonymous_1)","decl":{"start":{"line":21,"column":51},"end":{"line":21,"column":52}},"loc":{"start":{"line":21,"column":56},"end":{"line":21,"column":80}},"line":21},"2":{"name":"(anonymous_2)","decl":{"start":{"line":21,"column":68},"end":{"line":21,"column":69}},"loc":{"start":{"line":21,"column":73},"end":{"line":21,"column":79}},"line":21},"3":{"name":"(anonymous_3)","decl":{"start":{"line":23,"column":29},"end":{"line":23,"column":30}},"loc":{"start":{"line":23,"column":37},"end":{"line":28,"column":3}},"line":23},"4":{"name":"(anonymous_4)","decl":{"start":{"line":25,"column":23},"end":{"line":25,"column":24}},"loc":{"start":{"line":25,"column":28},"end":{"line":25,"column":56}},"line":25},"5":{"name":"(anonymous_5)","decl":{"start":{"line":26,"column":21},"end":{"line":26,"column":22}},"loc":{"start":{"line":26,"column":29},"end":{"line":26,"column":80}},"line":26},"6":{"name":"(anonymous_6)","decl":{"start":{"line":38,"column":22},"end":{"line":38,"column":23}},"loc":{"start":{"line":39,"column":10},"end":{"line":39,"column":102}},"line":39}},"branchMap":{"0":{"loc":{"start":{"line":17,"column":2},"end":{"line":19,"column":3}},"type":"if","locations":[{"start":{"line":17,"column":2},"end":{"line":19,"column":3}},{"start":{},"end":{}}],"line":17},"1":{"loc":{"start":{"line":26,"column":31},"end":{"line":26,"column":78}},"type":"if","locations":[{"start":{"line":26,"column":31},"end":{"line":26,"column":78}},{"start":{},"end":{}}],"line":26},"2":{"loc":{"start":{"line":39,"column":59},"end":{"line":39,"column":86}},"type":"binary-expr","locations":[{"start":{"line":39,"column":59},"end":{"line":39,"column":73}},{"start":{"line":39,"column":77},"end":{"line":39,"column":86}}],"line":39}},"s":{"0":2,"1":34,"2":30,"3":4,"4":8,"5":12,"6":4,"7":8,"8":8,"9":12,"10":8,"11":16,"12":4,"13":8,"14":4,"15":8},"f":{"0":34,"1":8,"2":12,"3":8,"4":12,"5":16,"6":8},"b":{"0":[30,4],"1":[4,12],"2":[8,0]},"_coverageSchema":"1a1c01bbd47fc00a2c39e90264f33305004495a9","hash":"78d9f4075b1f64e7dec6ec4fa13efdeb5aa03f20"}
}
