TN:
SF:src\App.tsx
FN:20,App
FN:38,(anonymous_1)
FN:38,(anonymous_2)
FN:41,(anonymous_3)
FN:42,(anonymous_4)
FN:58,(anonymous_5)
FN:63,(anonymous_6)
FN:65,(anonymous_7)
FN:68,(anonymous_8)
FN:69,(anonymous_9)
FN:77,(anonymous_10)
FN:88,(anonymous_11)
FN:89,(anonymous_12)
FN:92,(anonymous_13)
FN:93,(anonymous_14)
FN:98,(anonymous_15)
FN:99,(anonymous_16)
FN:100,(anonymous_17)
FNF:18
FNH:14
FNDA:33,App
FNDA:0,(anonymous_1)
FNDA:0,(anonymous_2)
FNDA:14,(anonymous_3)
FNDA:16,(anonymous_4)
FNDA:14,(anonymous_5)
FNDA:19,(anonymous_6)
FNDA:12,(anonymous_7)
FNDA:12,(anonymous_8)
FNDA:6,(anonymous_9)
FNDA:32,(anonymous_10)
FNDA:11,(anonymous_11)
FNDA:0,(anonymous_12)
FNDA:11,(anonymous_13)
FNDA:0,(anonymous_14)
FNDA:32,(anonymous_15)
FNDA:20,(anonymous_16)
FNDA:10,(anonymous_17)
DA:14,1
DA:15,1
DA:18,1
DA:21,33
DA:22,33
DA:27,33
DA:28,33
DA:30,33
DA:35,33
DA:36,33
DA:38,33
DA:41,33
DA:42,14
DA:43,16
DA:44,16
DA:48,14
DA:49,14
DA:50,14
DA:52,2
DA:56,14
DA:57,14
DA:58,14
DA:63,33
DA:64,19
DA:65,12
DA:67,19
DA:68,12
DA:69,6
DA:73,33
DA:76,33
DA:77,32
DA:80,33
DA:82,33
DA:83,33
DA:88,33
DA:89,11
DA:92,33
DA:93,11
DA:97,33
DA:98,32
DA:99,20
DA:100,10
DA:102,33
LF:43
LH:43
BRDA:45,0,0,16
BRDA:45,0,1,14
BRDA:67,1,0,6
BRDA:67,1,1,13
BRDA:99,2,0,20
BRDA:99,2,1,0
BRDA:109,3,0,33
BRDA:109,3,1,2
BRDA:143,4,0,33
BRDA:143,4,1,33
BRF:10
BRH:9
end_of_record
TN:
SF:src\api.ts
FN:6,fetchEvents
FN:14,fetchMetrics
FN:19,postEvent
FN:23,deleteAllEvents
FN:27,fetchTimeline
FN:32,isRateLimitError
FN:36,fetchUsersDistribution
FNF:7
FNH:6
FNDA:4,fetchEvents
FNDA:2,fetchMetrics
FNDA:1,postEvent
FNDA:1,deleteAllEvents
FNDA:3,fetchTimeline
FNDA:0,isRateLimitError
FNDA:2,fetchUsersDistribution
DA:4,1
DA:7,4
DA:8,4
DA:9,4
DA:10,4
DA:11,4
DA:15,2
DA:16,2
DA:20,1
DA:24,1
DA:28,3
DA:29,3
DA:33,0
DA:40,2
DA:41,2
LF:15
LH:14
BRDA:4,0,0,1
BRDA:4,0,1,1
BRDA:8,1,0,1
BRDA:8,1,1,3
BRDA:9,2,0,1
BRDA:9,2,1,3
BRDA:33,3,0,0
BRDA:33,3,1,0
BRF:8
BRH:6
end_of_record
TN:
SF:src\index.tsx
FNF:0
FNH:0
DA:7,0
DA:10,0
DA:19,0
LF:3
LH:0
BRF:0
BRH:0
end_of_record
TN:
SF:src\reportWebVitals.ts
FN:3,(anonymous_0)
FN:5,(anonymous_1)
FNF:2
FNH:0
FNDA:0,(anonymous_0)
FNDA:0,(anonymous_1)
DA:3,0
DA:4,0
DA:5,0
DA:6,0
DA:7,0
DA:8,0
DA:9,0
DA:10,0
LF:8
LH:0
BRDA:4,0,0,0
BRDA:4,0,1,0
BRDA:4,1,0,0
BRDA:4,1,1,0
BRF:4
BRH:0
end_of_record
TN:
SF:src\types.ts
FNF:0
FNH:0
LF:0
LH:0
BRF:0
BRH:0
end_of_record
TN:
SF:src\components\ChartFilter.tsx
FN:10,(anonymous_0)
FN:11,(anonymous_1)
FN:14,(anonymous_2)
FN:21,(anonymous_3)
FN:26,(anonymous_4)
FNF:5
FNH:5
FNDA:34,(anonymous_0)
FNDA:2,(anonymous_1)
FNDA:2,(anonymous_2)
FNDA:36,(anonymous_3)
FNDA:2,(anonymous_4)
DA:10,2
DA:11,34
DA:12,2
DA:14,2
DA:19,34
DA:22,36
DA:26,2
LF:7
LH:7
BRDA:13,0,0,1
BRDA:13,0,1,1
BRF:2
BRH:2
end_of_record
TN:
SF:src\components\EventForm.tsx
FN:9,(anonymous_0)
FN:12,(anonymous_1)
FN:24,(anonymous_2)
FN:35,(anonymous_3)
FN:37,(anonymous_4)
FN:40,(anonymous_5)
FN:53,(anonymous_6)
FN:76,(anonymous_7)
FN:81,(anonymous_8)
FN:92,(anonymous_9)
FN:96,(anonymous_10)
FN:101,(anonymous_11)
FN:108,(anonymous_12)
FN:116,(anonymous_13)
FN:117,(anonymous_14)
FN:121,(anonymous_15)
FN:144,(anonymous_16)
FN:149,(anonymous_17)
FN:150,(anonymous_18)
FN:160,(anonymous_19)
FNF:20
FNH:18
FNDA:3,(anonymous_0)
FNDA:6,(anonymous_1)
FNDA:90,(anonymous_2)
FNDA:4,(anonymous_3)
FNDA:1,(anonymous_4)
FNDA:3,(anonymous_5)
FNDA:5,(anonymous_6)
FNDA:1,(anonymous_7)
FNDA:3,(anonymous_8)
FNDA:4,(anonymous_9)
FNDA:12,(anonymous_10)
FNDA:0,(anonymous_11)
FNDA:0,(anonymous_12)
FNDA:450,(anonymous_13)
FNDA:3,(anonymous_14)
FNDA:6,(anonymous_15)
FNDA:11,(anonymous_16)
FNDA:1,(anonymous_17)
FNDA:155,(anonymous_18)
FNDA:18,(anonymous_19)
DA:6,2
DA:7,2
DA:9,3
DA:12,6
DA:24,2
DA:25,90
DA:26,90
DA:27,90
DA:28,90
DA:29,90
DA:32,90
DA:33,90
DA:35,90
DA:36,4
DA:37,4
DA:40,90
DA:41,3
DA:42,3
DA:43,1
DA:45,2
DA:53,90
DA:54,5
DA:55,2
DA:56,2
DA:58,3
DA:59,3
DA:60,3
DA:61,2
DA:62,2
DA:63,2
DA:64,2
DA:66,1
DA:72,3
DA:76,90
DA:77,1
DA:78,1
DA:81,90
DA:82,3
DA:83,2
DA:84,2
DA:85,1
DA:87,1
DA:92,90
DA:93,4
DA:94,4
DA:95,4
DA:96,12
DA:98,2
DA:99,2
DA:101,2
DA:103,2
DA:104,1
DA:105,1
DA:107,1
DA:108,1
DA:113,90
DA:117,450
DA:121,6
DA:144,11
DA:149,1
DA:150,155
DA:160,18
LF:62
LH:62
BRDA:46,0,0,0
BRDA:46,0,1,2
BRDA:54,1,0,2
BRDA:54,1,1,3
BRDA:67,2,0,0
BRDA:67,2,1,1
BRDA:82,3,0,1
BRDA:82,3,1,2
BRDA:103,4,0,1
BRDA:103,4,1,1
BRDA:132,5,0,4
BRDA:132,5,1,86
BRDA:134,6,0,90
BRDA:134,6,1,2
BRDA:135,7,0,90
BRDA:135,7,1,1
BRDA:140,8,0,90
BRDA:140,8,1,4
BRDA:142,9,0,90
BRDA:142,9,1,31
BRDA:165,10,0,31
BRDA:165,10,1,3
BRDA:169,11,0,3
BRDA:169,11,1,28
BRF:24
BRH:22
end_of_record
TN:
SF:src\components\EventsChart.tsx
FN:16,(anonymous_0)
FN:27,(anonymous_1)
FN:30,(anonymous_2)
FNF:3
FNH:3
FNDA:35,(anonymous_0)
FNDA:4,(anonymous_1)
FNDA:20,(anonymous_2)
DA:16,2
DA:17,35
DA:18,24
DA:21,11
DA:27,4
DA:31,20
LF:6
LH:6
BRDA:17,0,0,24
BRDA:17,0,1,11
BRF:2
BRH:2
end_of_record
TN:
SF:src\components\EventsTable.tsx
FN:8,(anonymous_0)
FN:24,(anonymous_1)
FNF:2
FNH:2
FNDA:35,(anonymous_0)
FNDA:15,(anonymous_1)
DA:8,2
DA:9,35
DA:28,15
LF:3
LH:3
BRDA:19,0,0,35
BRDA:19,0,1,23
BRF:2
BRH:2
end_of_record
TN:
SF:src\components\EventsTimeline.tsx
FN:22,(anonymous_0)
FN:26,(anonymous_1)
FN:29,(anonymous_2)
FN:49,(anonymous_3)
FN:50,(anonymous_4)
FNF:5
FNH:5
FNDA:40,(anonymous_0)
FNDA:1,(anonymous_1)
FNDA:120,(anonymous_2)
FNDA:9,(anonymous_3)
FNDA:9,(anonymous_4)
DA:14,2
DA:16,2
DA:22,2
DA:23,40
DA:26,1
DA:30,120
DA:49,9
DA:50,9
LF:8
LH:8
BRDA:34,0,0,31
BRDA:34,0,1,9
BRDA:42,1,0,7
BRDA:42,1,1,2
BRDA:50,2,0,7
BRDA:50,2,1,2
BRF:6
BRH:6
end_of_record
TN:
SF:src\components\FilterSelector.tsx
FN:10,(anonymous_0)
FN:11,(anonymous_1)
FN:13,(anonymous_2)
FNF:3
FNH:3
FNDA:34,(anonymous_0)
FNDA:5,(anonymous_1)
FNDA:35,(anonymous_2)
DA:10,2
DA:11,34
DA:14,35
LF:3
LH:3
BRF:0
BRH:0
end_of_record
TN:
SF:src\components\TopUsers.tsx
FN:7,(anonymous_0)
FN:22,(anonymous_1)
FNF:2
FNH:2
FNDA:35,(anonymous_0)
FNDA:23,(anonymous_1)
DA:7,2
DA:8,35
DA:9,17
DA:12,18
DA:23,23
LF:5
LH:5
BRDA:8,0,0,17
BRDA:8,0,1,18
BRF:2
BRH:2
end_of_record
TN:
SF:src\components\UserTypeDistribution.tsx
FN:16,(anonymous_0)
FN:21,(anonymous_1)
FN:21,(anonymous_2)
FN:23,(anonymous_3)
FN:25,(anonymous_4)
FN:26,(anonymous_5)
FN:38,(anonymous_6)
FNF:7
FNH:7
FNDA:34,(anonymous_0)
FNDA:8,(anonymous_1)
FNDA:12,(anonymous_2)
FNDA:8,(anonymous_3)
FNDA:12,(anonymous_4)
FNDA:16,(anonymous_5)
FNDA:8,(anonymous_6)
DA:16,2
DA:17,34
DA:18,30
DA:21,12
DA:23,4
DA:24,8
DA:25,12
DA:26,16
DA:27,8
DA:30,4
DA:39,8
LF:11
LH:11
BRDA:17,0,0,30
BRDA:17,0,1,4
BRDA:26,1,0,4
BRDA:26,1,1,12
BRDA:39,2,0,8
BRDA:39,2,1,0
BRF:6
BRH:5
end_of_record
