{"D:\\Proyectos\\Clay\\clay-events-system-JLD\\backend\\src\\routes\\events.ts": {"path":"D:\\Proyectos\\Clay\\clay-events-system-JLD\\backend\\src\\routes\\events.ts","statementMap":{"0":{"start":{"line":1,"column":0},"end":{"line":1,"column":52}},"1":{"start":{"line":3,"column":0},"end":{"line":3,"column":79}},"2":{"start":{"line":4,"column":0},"end":{"line":4,"column":57}},"3":{"start":{"line":5,"column":0},"end":{"line":5,"column":48}},"4":{"start":{"line":7,"column":15},"end":{"line":7,"column":23}},"5":{"start":{"line":9,"column":0},"end":{"line":24,"column":3}},"6":{"start":{"line":10,"column":17},"end":{"line":10,"column":48}},"7":{"start":{"line":12,"column":2},"end":{"line":15,"column":3}},"8":{"start":{"line":13,"column":4},"end":{"line":13,"column":61}},"9":{"start":{"line":14,"column":4},"end":{"line":14,"column":11}},"10":{"start":{"line":17,"column":2},"end":{"line":23,"column":3}},"11":{"start":{"line":18,"column":4},"end":{"line":18,"column":78}},"12":{"start":{"line":19,"column":4},"end":{"line":19,"column":43}},"13":{"start":{"line":21,"column":4},"end":{"line":21,"column":70}},"14":{"start":{"line":22,"column":4},"end":{"line":22,"column":63}},"15":{"start":{"line":26,"column":0},"end":{"line":60,"column":3}},"16":{"start":{"line":27,"column":17},"end":{"line":27,"column":54}},"17":{"start":{"line":29,"column":2},"end":{"line":32,"column":3}},"18":{"start":{"line":30,"column":4},"end":{"line":30,"column":61}},"19":{"start":{"line":31,"column":4},"end":{"line":31,"column":11}},"20":{"start":{"line":34,"column":2},"end":{"line":59,"column":3}},"21":{"start":{"line":35,"column":79},"end":{"line":35,"column":90}},"22":{"start":{"line":36,"column":18},"end":{"line":36,"column":48}},"23":{"start":{"line":37,"column":34},"end":{"line":37,"column":36}},"24":{"start":{"line":39,"column":4},"end":{"line":39,"column":48}},"25":{"start":{"line":39,"column":19},"end":{"line":39,"column":48}},"26":{"start":{"line":40,"column":4},"end":{"line":40,"column":39}},"27":{"start":{"line":40,"column":16},"end":{"line":40,"column":39}},"28":{"start":{"line":41,"column":4},"end":{"line":46,"column":5}},"29":{"start":{"line":42,"column":6},"end":{"line":45,"column":8}},"30":{"start":{"line":48,"column":36},"end":{"line":53,"column":16}},"31":{"start":{"line":55,"column":4},"end":{"line":55,"column":37}},"32":{"start":{"line":57,"column":4},"end":{"line":57,"column":69}},"33":{"start":{"line":58,"column":4},"end":{"line":58,"column":62}},"34":{"start":{"line":62,"column":0},"end":{"line":73,"column":3}},"35":{"start":{"line":63,"column":2},"end":{"line":72,"column":3}},"36":{"start":{"line":64,"column":4},"end":{"line":67,"column":7}},"37":{"start":{"line":68,"column":4},"end":{"line":68,"column":44}},"38":{"start":{"line":70,"column":4},"end":{"line":70,"column":69}},"39":{"start":{"line":71,"column":4},"end":{"line":71,"column":62}},"40":{"start":{"line":75,"column":0},"end":{"line":75,"column":22}}},"fnMap":{"0":{"name":"(anonymous_0)","decl":{"start":{"line":9,"column":23},"end":{"line":9,"column":28}},"loc":{"start":{"line":9,"column":76},"end":{"line":24,"column":1}}},"1":{"name":"(anonymous_1)","decl":{"start":{"line":26,"column":22},"end":{"line":26,"column":27}},"loc":{"start":{"line":26,"column":75},"end":{"line":60,"column":1}}},"2":{"name":"(anonymous_2)","decl":{"start":{"line":62,"column":25},"end":{"line":62,"column":30}},"loc":{"start":{"line":62,"column":79},"end":{"line":73,"column":1}}}},"branchMap":{"0":{"loc":{"start":{"line":12,"column":2},"end":{"line":15,"column":3}},"type":"if","locations":[{"start":{"line":12,"column":2},"end":{"line":15,"column":3}}]},"1":{"loc":{"start":{"line":29,"column":2},"end":{"line":32,"column":3}},"type":"if","locations":[{"start":{"line":29,"column":2},"end":{"line":32,"column":3}}]},"2":{"loc":{"start":{"line":36,"column":27},"end":{"line":36,"column":41}},"type":"binary-expr","locations":[{"start":{"line":36,"column":27},"end":{"line":36,"column":35}},{"start":{"line":36,"column":39},"end":{"line":36,"column":41}}]},"3":{"loc":{"start":{"line":39,"column":4},"end":{"line":39,"column":48}},"type":"if","locations":[{"start":{"line":39,"column":4},"end":{"line":39,"column":48}}]},"4":{"loc":{"start":{"line":40,"column":4},"end":{"line":40,"column":39}},"type":"if","locations":[{"start":{"line":40,"column":4},"end":{"line":40,"column":39}}]},"5":{"loc":{"start":{"line":41,"column":4},"end":{"line":46,"column":5}},"type":"if","locations":[{"start":{"line":41,"column":4},"end":{"line":46,"column":5}}]},"6":{"loc":{"start":{"line":41,"column":8},"end":{"line":41,"column":64}},"type":"binary-expr","locations":[{"start":{"line":41,"column":8},"end":{"line":41,"column":35}},{"start":{"line":41,"column":39},"end":{"line":41,"column":64}}]},"7":{"loc":{"start":{"line":43,"column":12},"end":{"line":43,"column":66}},"type":"binary-expr","locations":[{"start":{"line":43,"column":12},"end":{"line":43,"column":39}},{"start":{"line":43,"column":43},"end":{"line":43,"column":66}}]},"8":{"loc":{"start":{"line":44,"column":12},"end":{"line":44,"column":62}},"type":"binary-expr","locations":[{"start":{"line":44,"column":12},"end":{"line":44,"column":37}},{"start":{"line":44,"column":41},"end":{"line":44,"column":62}}]}},"s":{"0":1,"1":1,"2":1,"3":1,"4":1,"5":1,"6":12,"7":12,"8":9,"9":9,"10":3,"11":3,"12":2,"13":1,"14":1,"15":1,"16":13,"17":13,"18":3,"19":3,"20":10,"21":10,"22":10,"23":10,"24":10,"25":2,"26":10,"27":2,"28":10,"29":3,"30":10,"31":9,"32":1,"33":1,"34":1,"35":3,"36":3,"37":1,"38":2,"39":2,"40":1},"f":{"0":12,"1":13,"2":3},"b":{"0":[9],"1":[3],"2":[10,8],"3":[2],"4":[2],"5":[3],"6":[10,8],"7":[3,2],"8":[3,3]}}
,"D:\\Proyectos\\Clay\\clay-events-system-JLD\\backend\\src\\routes\\health.ts": {"path":"D:\\Proyectos\\Clay\\clay-events-system-JLD\\backend\\src\\routes\\health.ts","statementMap":{"0":{"start":{"line":1,"column":0},"end":{"line":1,"column":52}},"1":{"start":{"line":2,"column":0},"end":{"line":2,"column":59}},"2":{"start":{"line":3,"column":0},"end":{"line":3,"column":59}},"3":{"start":{"line":5,"column":15},"end":{"line":5,"column":23}},"4":{"start":{"line":7,"column":0},"end":{"line":18,"column":3}},"5":{"start":{"line":8,"column":25},"end":{"line":11,"column":4}},"6":{"start":{"line":9,"column":35},"end":{"line":9,"column":40}},"7":{"start":{"line":10,"column":35},"end":{"line":10,"column":40}},"8":{"start":{"line":13,"column":18},"end":{"line":13,"column":32}},"9":{"start":{"line":14,"column":2},"end":{"line":17,"column":5}},"10":{"start":{"line":20,"column":0},"end":{"line":20,"column":22}}},"fnMap":{"0":{"name":"(anonymous_0)","decl":{"start":{"line":7,"column":22},"end":{"line":7,"column":27}},"loc":{"start":{"line":7,"column":76},"end":{"line":18,"column":1}}},"1":{"name":"(anonymous_1)","decl":{"start":{"line":9,"column":29},"end":{"line":9,"column":32}},"loc":{"start":{"line":9,"column":35},"end":{"line":9,"column":40}}},"2":{"name":"(anonymous_2)","decl":{"start":{"line":10,"column":29},"end":{"line":10,"column":32}},"loc":{"start":{"line":10,"column":35},"end":{"line":10,"column":40}}}},"branchMap":{"0":{"loc":{"start":{"line":13,"column":18},"end":{"line":13,"column":32}},"type":"binary-expr","locations":[{"start":{"line":13,"column":18},"end":{"line":13,"column":23}},{"start":{"line":13,"column":27},"end":{"line":13,"column":32}}]},"1":{"loc":{"start":{"line":14,"column":13},"end":{"line":14,"column":32}},"type":"cond-expr","locations":[{"start":{"line":14,"column":23},"end":{"line":14,"column":26}},{"start":{"line":14,"column":29},"end":{"line":14,"column":32}}]},"2":{"loc":{"start":{"line":15,"column":12},"end":{"line":15,"column":39}},"type":"cond-expr","locations":[{"start":{"line":15,"column":22},"end":{"line":15,"column":26}},{"start":{"line":15,"column":29},"end":{"line":15,"column":39}}]}},"s":{"0":1,"1":1,"2":1,"3":1,"4":1,"5":6,"6":1,"7":1,"8":6,"9":6,"10":1},"f":{"0":6,"1":1,"2":1},"b":{"0":[6,3],"1":[1,5],"2":[1,5]}}
,"D:\\Proyectos\\Clay\\clay-events-system-JLD\\backend\\src\\routes\\metrics.ts": {"path":"D:\\Proyectos\\Clay\\clay-events-system-JLD\\backend\\src\\routes\\metrics.ts","statementMap":{"0":{"start":{"line":1,"column":0},"end":{"line":1,"column":52}},"1":{"start":{"line":2,"column":0},"end":{"line":2,"column":24}},"2":{"start":{"line":3,"column":0},"end":{"line":3,"column":48}},"3":{"start":{"line":5,"column":15},"end":{"line":5,"column":23}},"4":{"start":{"line":6,"column":19},"end":{"line":6,"column":38}},"5":{"start":{"line":10,"column":0},"end":{"line":38,"column":3}},"6":{"start":{"line":11,"column":2},"end":{"line":37,"column":3}},"7":{"start":{"line":12,"column":16},"end":{"line":12,"column":44}},"8":{"start":{"line":14,"column":47},"end":{"line":27,"column":6}},"9":{"start":{"line":29,"column":25},"end":{"line":30,"column":null}},"10":{"start":{"line":30,"column":40},"end":{"line":30,"column":52}},"11":{"start":{"line":33,"column":4},"end":{"line":33,"column":66}},"12":{"start":{"line":35,"column":4},"end":{"line":35,"column":70}},"13":{"start":{"line":36,"column":4},"end":{"line":36,"column":63}},"14":{"start":{"line":42,"column":28},"end":{"line":44,"column":2}},"15":{"start":{"line":46,"column":55},"end":{"line":50,"column":2}},"16":{"start":{"line":52,"column":0},"end":{"line":93,"column":3}},"17":{"start":{"line":53,"column":17},"end":{"line":53,"column":57}},"18":{"start":{"line":54,"column":2},"end":{"line":57,"column":3}},"19":{"start":{"line":55,"column":4},"end":{"line":55,"column":61}},"20":{"start":{"line":56,"column":4},"end":{"line":56,"column":11}},"21":{"start":{"line":59,"column":2},"end":{"line":92,"column":3}},"22":{"start":{"line":60,"column":22},"end":{"line":60,"column":33}},"23":{"start":{"line":61,"column":16},"end":{"line":61,"column":44}},"24":{"start":{"line":62,"column":19},"end":{"line":62,"column":47}},"25":{"start":{"line":64,"column":4},"end":{"line":88,"column":5}},"26":{"start":{"line":65,"column":18},"end":{"line":69,"column":18}},"27":{"start":{"line":71,"column":19},"end":{"line":74,"column":9}},"28":{"start":{"line":71,"column":48},"end":{"line":74,"column":8}},"29":{"start":{"line":75,"column":6},"end":{"line":75,"column":44}},"30":{"start":{"line":77,"column":18},"end":{"line":81,"column":18}},"31":{"start":{"line":83,"column":19},"end":{"line":86,"column":8}},"32":{"start":{"line":84,"column":31},"end":{"line":84,"column":45}},"33":{"start":{"line":85,"column":8},"end":{"line":85,"column":55}},"34":{"start":{"line":87,"column":6},"end":{"line":87,"column":44}},"35":{"start":{"line":90,"column":4},"end":{"line":90,"column":71}},"36":{"start":{"line":91,"column":4},"end":{"line":91,"column":64}},"37":{"start":{"line":97,"column":33},"end":{"line":99,"column":2}},"38":{"start":{"line":101,"column":19},"end":{"line":101,"column":68}},"39":{"start":{"line":103,"column":0},"end":{"line":164,"column":3}},"40":{"start":{"line":104,"column":17},"end":{"line":104,"column":62}},"41":{"start":{"line":105,"column":2},"end":{"line":108,"column":3}},"42":{"start":{"line":106,"column":4},"end":{"line":106,"column":61}},"43":{"start":{"line":107,"column":4},"end":{"line":107,"column":11}},"44":{"start":{"line":110,"column":2},"end":{"line":163,"column":3}},"45":{"start":{"line":111,"column":22},"end":{"line":111,"column":33}},"46":{"start":{"line":112,"column":16},"end":{"line":112,"column":44}},"47":{"start":{"line":113,"column":19},"end":{"line":113,"column":79}},"48":{"start":{"line":115,"column":4},"end":{"line":159,"column":5}},"49":{"start":{"line":119,"column":18},"end":{"line":125,"column":18}},"50":{"start":{"line":127,"column":19},"end":{"line":135,"column":8}},"51":{"start":{"line":128,"column":52},"end":{"line":128,"column":54}},"52":{"start":{"line":129,"column":8},"end":{"line":129,"column":68}},"53":{"start":{"line":129,"column":34},"end":{"line":129,"column":64}},"54":{"start":{"line":130,"column":22},"end":{"line":133,"column":11}},"55":{"start":{"line":130,"column":60},"end":{"line":133,"column":10}},"56":{"start":{"line":134,"column":8},"end":{"line":134,"column":43}},"57":{"start":{"line":136,"column":6},"end":{"line":136,"column":44}},"58":{"start":{"line":141,"column":18},"end":{"line":147,"column":18}},"59":{"start":{"line":149,"column":19},"end":{"line":157,"column":8}},"60":{"start":{"line":150,"column":51},"end":{"line":150,"column":53}},"61":{"start":{"line":151,"column":8},"end":{"line":151,"column":71}},"62":{"start":{"line":151,"column":33},"end":{"line":151,"column":67}},"63":{"start":{"line":152,"column":22},"end":{"line":155,"column":11}},"64":{"start":{"line":152,"column":52},"end":{"line":155,"column":10}},"65":{"start":{"line":156,"column":8},"end":{"line":156,"column":43}},"66":{"start":{"line":158,"column":6},"end":{"line":158,"column":44}},"67":{"start":{"line":161,"column":4},"end":{"line":161,"column":77}},"68":{"start":{"line":162,"column":4},"end":{"line":162,"column":70}},"69":{"start":{"line":168,"column":0},"end":{"line":192,"column":3}},"70":{"start":{"line":169,"column":2},"end":{"line":191,"column":3}},"71":{"start":{"line":170,"column":16},"end":{"line":170,"column":44}},"72":{"start":{"line":175,"column":16},"end":{"line":180,"column":16}},"73":{"start":{"line":182,"column":17},"end":{"line":185,"column":7}},"74":{"start":{"line":182,"column":34},"end":{"line":185,"column":6}},"75":{"start":{"line":184,"column":39},"end":{"line":184,"column":67}},"76":{"start":{"line":187,"column":4},"end":{"line":187,"column":35}},"77":{"start":{"line":189,"column":4},"end":{"line":189,"column":81}},"78":{"start":{"line":190,"column":4},"end":{"line":190,"column":74}},"79":{"start":{"line":194,"column":0},"end":{"line":194,"column":22}}},"fnMap":{"0":{"name":"(anonymous_0)","decl":{"start":{"line":10,"column":23},"end":{"line":10,"column":28}},"loc":{"start":{"line":10,"column":77},"end":{"line":38,"column":1}}},"1":{"name":"(anonymous_1)","decl":{"start":{"line":30,"column":20},"end":{"line":30,"column":21}},"loc":{"start":{"line":30,"column":40},"end":{"line":30,"column":52}}},"2":{"name":"(anonymous_2)","decl":{"start":{"line":52,"column":32},"end":{"line":52,"column":37}},"loc":{"start":{"line":52,"column":85},"end":{"line":93,"column":1}}},"3":{"name":"(anonymous_3)","decl":{"start":{"line":71,"column":27},"end":{"line":71,"column":28}},"loc":{"start":{"line":71,"column":48},"end":{"line":74,"column":8}}},"4":{"name":"(anonymous_4)","decl":{"start":{"line":83,"column":27},"end":{"line":83,"column":28}},"loc":{"start":{"line":83,"column":46},"end":{"line":86,"column":7}}},"5":{"name":"(anonymous_5)","decl":{"start":{"line":103,"column":38},"end":{"line":103,"column":43}},"loc":{"start":{"line":103,"column":91},"end":{"line":164,"column":1}}},"6":{"name":"(anonymous_6)","decl":{"start":{"line":127,"column":27},"end":{"line":127,"column":31}},"loc":{"start":{"line":127,"column":34},"end":{"line":135,"column":7}}},"7":{"name":"(anonymous_7)","decl":{"start":{"line":129,"column":27},"end":{"line":129,"column":28}},"loc":{"start":{"line":129,"column":31},"end":{"line":129,"column":66}}},"8":{"name":"(anonymous_8)","decl":{"start":{"line":130,"column":49},"end":{"line":130,"column":50}},"loc":{"start":{"line":130,"column":60},"end":{"line":133,"column":10}}},"9":{"name":"(anonymous_9)","decl":{"start":{"line":149,"column":27},"end":{"line":149,"column":31}},"loc":{"start":{"line":149,"column":34},"end":{"line":157,"column":7}}},"10":{"name":"(anonymous_10)","decl":{"start":{"line":151,"column":26},"end":{"line":151,"column":27}},"loc":{"start":{"line":151,"column":30},"end":{"line":151,"column":69}}},"11":{"name":"(anonymous_11)","decl":{"start":{"line":152,"column":37},"end":{"line":152,"column":38}},"loc":{"start":{"line":152,"column":52},"end":{"line":155,"column":10}}},"12":{"name":"(anonymous_12)","decl":{"start":{"line":168,"column":42},"end":{"line":168,"column":47}},"loc":{"start":{"line":168,"column":96},"end":{"line":192,"column":1}}},"13":{"name":"(anonymous_13)","decl":{"start":{"line":182,"column":25},"end":{"line":182,"column":29}},"loc":{"start":{"line":182,"column":34},"end":{"line":185,"column":6}}},"14":{"name":"(anonymous_14)","decl":{"start":{"line":184,"column":29},"end":{"line":184,"column":30}},"loc":{"start":{"line":184,"column":39},"end":{"line":184,"column":67}}}},"branchMap":{"0":{"loc":{"start":{"line":54,"column":2},"end":{"line":57,"column":3}},"type":"if","locations":[{"start":{"line":54,"column":2},"end":{"line":57,"column":3}}]},"1":{"loc":{"start":{"line":64,"column":4},"end":{"line":88,"column":5}},"type":"if","locations":[{"start":{"line":64,"column":4},"end":{"line":88,"column":5}},{"start":{"line":76,"column":11},"end":{"line":88,"column":5}}]},"2":{"loc":{"start":{"line":105,"column":2},"end":{"line":108,"column":3}},"type":"if","locations":[{"start":{"line":105,"column":2},"end":{"line":108,"column":3}}]},"3":{"loc":{"start":{"line":113,"column":33},"end":{"line":113,"column":78}},"type":"cond-expr","locations":[{"start":{"line":113,"column":51},"end":{"line":113,"column":61}},{"start":{"line":113,"column":64},"end":{"line":113,"column":78}}]},"4":{"loc":{"start":{"line":115,"column":4},"end":{"line":159,"column":5}},"type":"if","locations":[{"start":{"line":115,"column":4},"end":{"line":159,"column":5}},{"start":{"line":137,"column":11},"end":{"line":159,"column":5}}]},"5":{"loc":{"start":{"line":132,"column":17},"end":{"line":132,"column":36}},"type":"binary-expr","locations":[{"start":{"line":132,"column":17},"end":{"line":132,"column":31}},{"start":{"line":132,"column":35},"end":{"line":132,"column":36}}]},"6":{"loc":{"start":{"line":154,"column":17},"end":{"line":154,"column":39}},"type":"binary-expr","locations":[{"start":{"line":154,"column":17},"end":{"line":154,"column":34}},{"start":{"line":154,"column":38},"end":{"line":154,"column":39}}]}},"s":{"0":1,"1":1,"2":1,"3":1,"4":1,"5":1,"6":8,"7":8,"8":8,"9":7,"10":12,"11":7,"12":1,"13":1,"14":1,"15":1,"16":1,"17":6,"18":6,"19":1,"20":1,"21":5,"22":5,"23":5,"24":5,"25":5,"26":3,"27":2,"28":5,"29":2,"30":2,"31":2,"32":4,"33":4,"34":2,"35":1,"36":1,"37":1,"38":1,"39":1,"40":6,"41":6,"42":1,"43":1,"44":5,"45":5,"46":5,"47":5,"48":5,"49":4,"50":3,"51":2,"52":2,"53":3,"54":2,"55":48,"56":2,"57":3,"58":1,"59":1,"60":1,"61":1,"62":2,"63":1,"64":7,"65":1,"66":1,"67":1,"68":1,"69":1,"70":5,"71":5,"72":5,"73":4,"74":3,"75":2,"76":4,"77":1,"78":1,"79":1},"f":{"0":8,"1":12,"2":6,"3":5,"4":4,"5":6,"6":2,"7":3,"8":48,"9":1,"10":2,"11":7,"12":5,"13":3,"14":2},"b":{"0":[1],"1":[3,2],"2":[1],"3":[4,1],"4":[4,1],"5":[48,45],"6":[7,5]}}
,"D:\\Proyectos\\Clay\\clay-events-system-JLD\\backend\\src\\schemas\\event.schema.ts": {"path":"D:\\Proyectos\\Clay\\clay-events-system-JLD\\backend\\src\\schemas\\event.schema.ts","statementMap":{"0":{"start":{"line":1,"column":0},"end":{"line":1,"column":24}},"1":{"start":{"line":3,"column":13},"end":{"line":24,"column":3}},"2":{"start":{"line":29,"column":13},"end":{"line":39,"column":2}},"3":{"start":{"line":37,"column":4},"end":{"line":37,"column":92}}},"fnMap":{"0":{"name":"(anonymous_0)","decl":{"start":{"line":36,"column":2},"end":{"line":36,"column":3}},"loc":{"start":{"line":37,"column":4},"end":{"line":37,"column":92}}}},"branchMap":{"0":{"loc":{"start":{"line":37,"column":4},"end":{"line":37,"column":92}},"type":"binary-expr","locations":[{"start":{"line":37,"column":4},"end":{"line":37,"column":31}},{"start":{"line":37,"column":35},"end":{"line":37,"column":60}},{"start":{"line":37,"column":64},"end":{"line":37,"column":92}}]}},"s":{"0":2,"1":2,"2":2,"3":12},"f":{"0":12},"b":{"0":[12,4,3]}}
,"D:\\Proyectos\\Clay\\clay-events-system-JLD\\backend\\src\\worker\\consumer.ts": {"path":"D:\\Proyectos\\Clay\\clay-events-system-JLD\\backend\\src\\worker\\consumer.ts","statementMap":{"0":{"start":{"line":7,"column":0},"end":{"line":7,"column":7}},"1":{"start":{"line":17,"column":0},"end":{"line":17,"column":7}},"2":{"start":{"line":35,"column":0},"end":{"line":35,"column":7}},"3":{"start":{"line":50,"column":0},"end":{"line":50,"column":7}},"4":{"start":{"line":1,"column":0},"end":{"line":1,"column":48}},"5":{"start":{"line":2,"column":0},"end":{"line":2,"column":57}},"6":{"start":{"line":3,"column":0},"end":{"line":3,"column":61}},"7":{"start":{"line":5,"column":18},"end":{"line":5,"column":32}},"8":{"start":{"line":8,"column":14},"end":{"line":8,"column":42}},"9":{"start":{"line":9,"column":2},"end":{"line":13,"column":5}},"10":{"start":{"line":14,"column":2},"end":{"line":14,"column":39}},"11":{"start":{"line":19,"column":2},"end":{"line":24,"column":3}},"12":{"start":{"line":20,"column":4},"end":{"line":20,"column":30}},"13":{"start":{"line":22,"column":4},"end":{"line":22,"column":62}},"14":{"start":{"line":23,"column":4},"end":{"line":23,"column":11}},"15":{"start":{"line":26,"column":17},"end":{"line":26,"column":43}},"16":{"start":{"line":27,"column":2},"end":{"line":30,"column":3}},"17":{"start":{"line":28,"column":4},"end":{"line":28,"column":79}},"18":{"start":{"line":29,"column":4},"end":{"line":29,"column":11}},"19":{"start":{"line":32,"column":2},"end":{"line":32,"column":35}},"20":{"start":{"line":36,"column":2},"end":{"line":46,"column":3}},"21":{"start":{"line":37,"column":4},"end":{"line":37,"column":63}},"22":{"start":{"line":39,"column":4},"end":{"line":42,"column":5}},"23":{"start":{"line":40,"column":6},"end":{"line":40,"column":81}},"24":{"start":{"line":41,"column":6},"end":{"line":41,"column":13}},"25":{"start":{"line":43,"column":20},"end":{"line":43,"column":31}},"26":{"start":{"line":44,"column":4},"end":{"line":44,"column":70}},"27":{"start":{"line":44,"column":33},"end":{"line":44,"column":68}},"28":{"start":{"line":45,"column":4},"end":{"line":45,"column":45}},"29":{"start":{"line":51,"column":16},"end":{"line":51,"column":32}},"30":{"start":{"line":52,"column":2},"end":{"line":52,"column":52}},"31":{"start":{"line":54,"column":2},"end":{"line":64,"column":3}},"32":{"start":{"line":55,"column":4},"end":{"line":63,"column":5}},"33":{"start":{"line":56,"column":20},"end":{"line":56,"column":51}},"34":{"start":{"line":57,"column":6},"end":{"line":57,"column":27}},"35":{"start":{"line":57,"column":18},"end":{"line":57,"column":27}},"36":{"start":{"line":58,"column":26},"end":{"line":58,"column":31}},"37":{"start":{"line":59,"column":6},"end":{"line":59,"column":34}},"38":{"start":{"line":61,"column":6},"end":{"line":61,"column":76}},"39":{"start":{"line":62,"column":6},"end":{"line":62,"column":62}},"40":{"start":{"line":62,"column":35},"end":{"line":62,"column":60}}},"fnMap":{"0":{"name":"createIndexes","decl":{"start":{"line":7,"column":22},"end":{"line":7,"column":35}},"loc":{"start":{"line":7,"column":35},"end":{"line":15,"column":1}}},"1":{"name":"processEvent","decl":{"start":{"line":17,"column":22},"end":{"line":17,"column":34}},"loc":{"start":{"line":17,"column":50},"end":{"line":33,"column":1}}},"2":{"name":"saveWithRetry","decl":{"start":{"line":35,"column":22},"end":{"line":35,"column":35}},"loc":{"start":{"line":35,"column":61},"end":{"line":47,"column":1}}},"3":{"name":"(anonymous_3)","decl":{"start":{"line":44,"column":22},"end":{"line":44,"column":29}},"loc":{"start":{"line":44,"column":33},"end":{"line":44,"column":68}}},"4":{"name":"consume","decl":{"start":{"line":50,"column":22},"end":{"line":50,"column":29}},"loc":{"start":{"line":50,"column":54},"end":{"line":65,"column":1}}},"5":{"name":"(anonymous_5)","decl":{"start":{"line":62,"column":24},"end":{"line":62,"column":31}},"loc":{"start":{"line":62,"column":35},"end":{"line":62,"column":60}}}},"branchMap":{"0":{"loc":{"start":{"line":27,"column":2},"end":{"line":30,"column":3}},"type":"if","locations":[{"start":{"line":27,"column":2},"end":{"line":30,"column":3}}]},"1":{"loc":{"start":{"line":35,"column":50},"end":{"line":35,"column":61}},"type":"default-arg","locations":[{"start":{"line":35,"column":60},"end":{"line":35,"column":61}}]},"2":{"loc":{"start":{"line":39,"column":4},"end":{"line":42,"column":5}},"type":"if","locations":[{"start":{"line":39,"column":4},"end":{"line":42,"column":5}}]},"3":{"loc":{"start":{"line":57,"column":6},"end":{"line":57,"column":27}},"type":"if","locations":[{"start":{"line":57,"column":6},"end":{"line":57,"column":27}}]}},"s":{"0":1,"1":1,"2":1,"3":1,"4":1,"5":1,"6":1,"7":1,"8":1,"9":1,"10":1,"11":6,"12":6,"13":1,"14":1,"15":5,"16":5,"17":1,"18":1,"19":4,"20":7,"21":7,"22":2,"23":1,"24":1,"25":1,"26":1,"27":1,"28":1,"29":3,"30":3,"31":3,"32":5,"33":5,"34":4,"35":1,"36":3,"37":3,"38":1,"39":1,"40":1},"f":{"0":1,"1":6,"2":7,"3":1,"4":3,"5":1},"b":{"0":[1],"1":[4],"2":[1],"3":[1]}}
}
