{"D:\\Proyectos\\Clay\\clay-events-system-JLD\\backend\\src\\routes\\events.ts": {"path":"D:\\Proyectos\\Clay\\clay-events-system-JLD\\backend\\src\\routes\\events.ts","statementMap":{"0":{"start":{"line":1,"column":0},"end":{"line":1,"column":52}},"1":{"start":{"line":2,"column":0},"end":{"line":2,"column":54}},"2":{"start":{"line":3,"column":0},"end":{"line":3,"column":57}},"3":{"start":{"line":5,"column":15},"end":{"line":5,"column":23}},"4":{"start":{"line":7,"column":0},"end":{"line":22,"column":3}},"5":{"start":{"line":8,"column":17},"end":{"line":8,"column":48}},"6":{"start":{"line":10,"column":2},"end":{"line":13,"column":3}},"7":{"start":{"line":11,"column":4},"end":{"line":11,"column":61}},"8":{"start":{"line":12,"column":4},"end":{"line":12,"column":11}},"9":{"start":{"line":15,"column":2},"end":{"line":21,"column":3}},"10":{"start":{"line":16,"column":4},"end":{"line":16,"column":78}},"11":{"start":{"line":17,"column":4},"end":{"line":17,"column":43}},"12":{"start":{"line":19,"column":4},"end":{"line":19,"column":70}},"13":{"start":{"line":20,"column":4},"end":{"line":20,"column":63}},"14":{"start":{"line":24,"column":0},"end":{"line":24,"column":22}}},"fnMap":{"0":{"name":"(anonymous_0)","decl":{"start":{"line":7,"column":23},"end":{"line":7,"column":28}},"loc":{"start":{"line":7,"column":76},"end":{"line":22,"column":1}}}},"branchMap":{"0":{"loc":{"start":{"line":10,"column":2},"end":{"line":13,"column":3}},"type":"if","locations":[{"start":{"line":10,"column":2},"end":{"line":13,"column":3}}]}},"s":{"0":1,"1":1,"2":1,"3":1,"4":1,"5":7,"6":7,"7":5,"8":5,"9":2,"10":2,"11":1,"12":1,"13":1,"14":1},"f":{"0":7},"b":{"0":[5]}}
,"D:\\Proyectos\\Clay\\clay-events-system-JLD\\backend\\src\\routes\\health.ts": {"path":"D:\\Proyectos\\Clay\\clay-events-system-JLD\\backend\\src\\routes\\health.ts","statementMap":{"0":{"start":{"line":1,"column":0},"end":{"line":1,"column":52}},"1":{"start":{"line":2,"column":0},"end":{"line":2,"column":59}},"2":{"start":{"line":3,"column":0},"end":{"line":3,"column":59}},"3":{"start":{"line":5,"column":15},"end":{"line":5,"column":23}},"4":{"start":{"line":7,"column":0},"end":{"line":18,"column":3}},"5":{"start":{"line":8,"column":25},"end":{"line":11,"column":4}},"6":{"start":{"line":9,"column":35},"end":{"line":9,"column":40}},"7":{"start":{"line":10,"column":35},"end":{"line":10,"column":40}},"8":{"start":{"line":13,"column":18},"end":{"line":13,"column":32}},"9":{"start":{"line":14,"column":2},"end":{"line":17,"column":5}},"10":{"start":{"line":20,"column":0},"end":{"line":20,"column":22}}},"fnMap":{"0":{"name":"(anonymous_0)","decl":{"start":{"line":7,"column":22},"end":{"line":7,"column":27}},"loc":{"start":{"line":7,"column":76},"end":{"line":18,"column":1}}},"1":{"name":"(anonymous_1)","decl":{"start":{"line":9,"column":29},"end":{"line":9,"column":32}},"loc":{"start":{"line":9,"column":35},"end":{"line":9,"column":40}}},"2":{"name":"(anonymous_2)","decl":{"start":{"line":10,"column":29},"end":{"line":10,"column":32}},"loc":{"start":{"line":10,"column":35},"end":{"line":10,"column":40}}}},"branchMap":{"0":{"loc":{"start":{"line":13,"column":18},"end":{"line":13,"column":32}},"type":"binary-expr","locations":[{"start":{"line":13,"column":18},"end":{"line":13,"column":23}},{"start":{"line":13,"column":27},"end":{"line":13,"column":32}}]},"1":{"loc":{"start":{"line":14,"column":13},"end":{"line":14,"column":32}},"type":"cond-expr","locations":[{"start":{"line":14,"column":23},"end":{"line":14,"column":26}},{"start":{"line":14,"column":29},"end":{"line":14,"column":32}}]},"2":{"loc":{"start":{"line":15,"column":12},"end":{"line":15,"column":39}},"type":"cond-expr","locations":[{"start":{"line":15,"column":22},"end":{"line":15,"column":26}},{"start":{"line":15,"column":29},"end":{"line":15,"column":39}}]}},"s":{"0":1,"1":1,"2":1,"3":1,"4":1,"5":6,"6":1,"7":1,"8":6,"9":6,"10":1},"f":{"0":6,"1":1,"2":1},"b":{"0":[6,3],"1":[1,5],"2":[1,5]}}
,"D:\\Proyectos\\Clay\\clay-events-system-JLD\\backend\\src\\schemas\\event.schema.ts": {"path":"D:\\Proyectos\\Clay\\clay-events-system-JLD\\backend\\src\\schemas\\event.schema.ts","statementMap":{"0":{"start":{"line":1,"column":0},"end":{"line":1,"column":24}},"1":{"start":{"line":3,"column":13},"end":{"line":13,"column":3}}},"fnMap":{},"branchMap":{},"s":{"0":2,"1":2},"f":{},"b":{}}
,"D:\\Proyectos\\Clay\\clay-events-system-JLD\\backend\\src\\worker\\consumer.ts": {"path":"D:\\Proyectos\\Clay\\clay-events-system-JLD\\backend\\src\\worker\\consumer.ts","statementMap":{"0":{"start":{"line":7,"column":0},"end":{"line":7,"column":7}},"1":{"start":{"line":17,"column":0},"end":{"line":17,"column":7}},"2":{"start":{"line":35,"column":0},"end":{"line":35,"column":7}},"3":{"start":{"line":50,"column":0},"end":{"line":50,"column":7}},"4":{"start":{"line":1,"column":0},"end":{"line":1,"column":48}},"5":{"start":{"line":2,"column":0},"end":{"line":2,"column":57}},"6":{"start":{"line":3,"column":0},"end":{"line":3,"column":61}},"7":{"start":{"line":5,"column":18},"end":{"line":5,"column":32}},"8":{"start":{"line":8,"column":14},"end":{"line":8,"column":42}},"9":{"start":{"line":9,"column":2},"end":{"line":13,"column":5}},"10":{"start":{"line":14,"column":2},"end":{"line":14,"column":39}},"11":{"start":{"line":19,"column":2},"end":{"line":24,"column":3}},"12":{"start":{"line":20,"column":4},"end":{"line":20,"column":30}},"13":{"start":{"line":22,"column":4},"end":{"line":22,"column":62}},"14":{"start":{"line":23,"column":4},"end":{"line":23,"column":11}},"15":{"start":{"line":26,"column":17},"end":{"line":26,"column":43}},"16":{"start":{"line":27,"column":2},"end":{"line":30,"column":3}},"17":{"start":{"line":28,"column":4},"end":{"line":28,"column":79}},"18":{"start":{"line":29,"column":4},"end":{"line":29,"column":11}},"19":{"start":{"line":32,"column":2},"end":{"line":32,"column":35}},"20":{"start":{"line":36,"column":2},"end":{"line":46,"column":3}},"21":{"start":{"line":37,"column":4},"end":{"line":37,"column":63}},"22":{"start":{"line":39,"column":4},"end":{"line":42,"column":5}},"23":{"start":{"line":40,"column":6},"end":{"line":40,"column":81}},"24":{"start":{"line":41,"column":6},"end":{"line":41,"column":13}},"25":{"start":{"line":43,"column":20},"end":{"line":43,"column":31}},"26":{"start":{"line":44,"column":4},"end":{"line":44,"column":70}},"27":{"start":{"line":44,"column":33},"end":{"line":44,"column":68}},"28":{"start":{"line":45,"column":4},"end":{"line":45,"column":45}},"29":{"start":{"line":51,"column":16},"end":{"line":51,"column":32}},"30":{"start":{"line":52,"column":2},"end":{"line":52,"column":52}},"31":{"start":{"line":54,"column":2},"end":{"line":64,"column":3}},"32":{"start":{"line":55,"column":4},"end":{"line":63,"column":5}},"33":{"start":{"line":56,"column":20},"end":{"line":56,"column":51}},"34":{"start":{"line":57,"column":6},"end":{"line":57,"column":27}},"35":{"start":{"line":57,"column":18},"end":{"line":57,"column":27}},"36":{"start":{"line":58,"column":26},"end":{"line":58,"column":31}},"37":{"start":{"line":59,"column":6},"end":{"line":59,"column":34}},"38":{"start":{"line":61,"column":6},"end":{"line":61,"column":76}},"39":{"start":{"line":62,"column":6},"end":{"line":62,"column":62}},"40":{"start":{"line":62,"column":35},"end":{"line":62,"column":60}}},"fnMap":{"0":{"name":"createIndexes","decl":{"start":{"line":7,"column":22},"end":{"line":7,"column":35}},"loc":{"start":{"line":7,"column":35},"end":{"line":15,"column":1}}},"1":{"name":"processEvent","decl":{"start":{"line":17,"column":22},"end":{"line":17,"column":34}},"loc":{"start":{"line":17,"column":50},"end":{"line":33,"column":1}}},"2":{"name":"saveWithRetry","decl":{"start":{"line":35,"column":22},"end":{"line":35,"column":35}},"loc":{"start":{"line":35,"column":61},"end":{"line":47,"column":1}}},"3":{"name":"(anonymous_3)","decl":{"start":{"line":44,"column":22},"end":{"line":44,"column":29}},"loc":{"start":{"line":44,"column":33},"end":{"line":44,"column":68}}},"4":{"name":"consume","decl":{"start":{"line":50,"column":22},"end":{"line":50,"column":29}},"loc":{"start":{"line":50,"column":54},"end":{"line":65,"column":1}}},"5":{"name":"(anonymous_5)","decl":{"start":{"line":62,"column":24},"end":{"line":62,"column":31}},"loc":{"start":{"line":62,"column":35},"end":{"line":62,"column":60}}}},"branchMap":{"0":{"loc":{"start":{"line":27,"column":2},"end":{"line":30,"column":3}},"type":"if","locations":[{"start":{"line":27,"column":2},"end":{"line":30,"column":3}}]},"1":{"loc":{"start":{"line":35,"column":50},"end":{"line":35,"column":61}},"type":"default-arg","locations":[{"start":{"line":35,"column":60},"end":{"line":35,"column":61}}]},"2":{"loc":{"start":{"line":39,"column":4},"end":{"line":42,"column":5}},"type":"if","locations":[{"start":{"line":39,"column":4},"end":{"line":42,"column":5}}]},"3":{"loc":{"start":{"line":57,"column":6},"end":{"line":57,"column":27}},"type":"if","locations":[{"start":{"line":57,"column":6},"end":{"line":57,"column":27}}]}},"s":{"0":1,"1":1,"2":1,"3":1,"4":1,"5":1,"6":1,"7":1,"8":1,"9":1,"10":1,"11":5,"12":5,"13":1,"14":1,"15":4,"16":4,"17":1,"18":1,"19":3,"20":6,"21":6,"22":2,"23":1,"24":1,"25":1,"26":1,"27":1,"28":1,"29":2,"30":2,"31":2,"32":3,"33":3,"34":3,"35":1,"36":2,"37":2,"38":0,"39":0,"40":0},"f":{"0":1,"1":5,"2":6,"3":1,"4":2,"5":0},"b":{"0":[1],"1":[3],"2":[1],"3":[1]}}
}
