TN:
SF:src\routes\events.ts
FN:9,(anonymous_0)
FN:26,(anonymous_1)
FN:62,(anonymous_2)
FNF:3
FNH:3
FNDA:12,(anonymous_0)
FNDA:13,(anonymous_1)
FNDA:3,(anonymous_2)
DA:1,1
DA:3,1
DA:4,1
DA:5,1
DA:7,1
DA:9,1
DA:10,12
DA:12,12
DA:13,9
DA:14,9
DA:17,3
DA:18,3
DA:19,2
DA:21,1
DA:22,1
DA:26,1
DA:27,13
DA:29,13
DA:30,3
DA:31,3
DA:34,10
DA:35,10
DA:36,10
DA:37,10
DA:39,10
DA:40,10
DA:41,10
DA:42,3
DA:48,10
DA:55,9
DA:57,1
DA:58,1
DA:62,1
DA:63,3
DA:64,3
DA:68,1
DA:70,2
DA:71,2
DA:75,1
LF:39
LH:39
BRDA:12,0,0,9
BRDA:29,1,0,3
BRDA:36,2,0,10
BRDA:36,2,1,8
BRDA:39,3,0,2
BRDA:40,4,0,2
BRDA:41,5,0,3
BRDA:41,6,0,10
BRDA:41,6,1,8
BRDA:43,7,0,3
BRDA:43,7,1,2
BRDA:44,8,0,3
BRDA:44,8,1,3
BRF:13
BRH:13
end_of_record
TN:
SF:src\routes\health.ts
FN:7,(anonymous_0)
FN:9,(anonymous_1)
FN:10,(anonymous_2)
FNF:3
FNH:3
FNDA:6,(anonymous_0)
FNDA:1,(anonymous_1)
FNDA:1,(anonymous_2)
DA:1,1
DA:2,1
DA:3,1
DA:5,1
DA:7,1
DA:8,6
DA:9,1
DA:10,1
DA:13,6
DA:14,6
DA:20,1
LF:11
LH:11
BRDA:13,0,0,6
BRDA:13,0,1,3
BRDA:14,1,0,1
BRDA:14,1,1,5
BRDA:15,2,0,1
BRDA:15,2,1,5
BRF:6
BRH:6
end_of_record
TN:
SF:src\routes\metrics.ts
FN:10,(anonymous_0)
FN:30,(anonymous_1)
FN:52,(anonymous_2)
FN:71,(anonymous_3)
FN:83,(anonymous_4)
FN:103,(anonymous_5)
FN:127,(anonymous_6)
FN:129,(anonymous_7)
FN:130,(anonymous_8)
FN:149,(anonymous_9)
FN:151,(anonymous_10)
FN:152,(anonymous_11)
FN:168,(anonymous_12)
FN:182,(anonymous_13)
FN:184,(anonymous_14)
FNF:15
FNH:15
FNDA:8,(anonymous_0)
FNDA:12,(anonymous_1)
FNDA:6,(anonymous_2)
FNDA:5,(anonymous_3)
FNDA:4,(anonymous_4)
FNDA:6,(anonymous_5)
FNDA:2,(anonymous_6)
FNDA:3,(anonymous_7)
FNDA:48,(anonymous_8)
FNDA:1,(anonymous_9)
FNDA:2,(anonymous_10)
FNDA:7,(anonymous_11)
FNDA:5,(anonymous_12)
FNDA:3,(anonymous_13)
FNDA:2,(anonymous_14)
DA:1,1
DA:2,1
DA:3,1
DA:5,1
DA:6,1
DA:10,1
DA:11,8
DA:12,8
DA:14,8
DA:29,7
DA:30,12
DA:33,7
DA:35,1
DA:36,1
DA:42,1
DA:46,1
DA:52,1
DA:53,6
DA:54,6
DA:55,1
DA:56,1
DA:59,5
DA:60,5
DA:61,5
DA:62,5
DA:64,5
DA:65,3
DA:71,5
DA:75,2
DA:77,2
DA:83,2
DA:84,4
DA:85,4
DA:87,2
DA:90,1
DA:91,1
DA:97,1
DA:101,1
DA:103,1
DA:104,6
DA:105,6
DA:106,1
DA:107,1
DA:110,5
DA:111,5
DA:112,5
DA:113,5
DA:115,5
DA:119,4
DA:127,3
DA:128,2
DA:129,3
DA:130,48
DA:134,2
DA:136,3
DA:141,1
DA:149,1
DA:150,1
DA:151,2
DA:152,7
DA:156,1
DA:158,1
DA:161,1
DA:162,1
DA:168,1
DA:169,5
DA:170,5
DA:175,5
DA:182,4
DA:184,2
DA:187,4
DA:189,1
DA:190,1
DA:194,1
LF:74
LH:74
BRDA:54,0,0,1
BRDA:64,1,0,3
BRDA:64,1,1,2
BRDA:105,2,0,1
BRDA:113,3,0,4
BRDA:113,3,1,1
BRDA:115,4,0,4
BRDA:115,4,1,1
BRDA:132,5,0,48
BRDA:132,5,1,45
BRDA:154,6,0,7
BRDA:154,6,1,5
BRF:12
BRH:12
end_of_record
TN:
SF:src\schemas\event.schema.ts
FN:36,(anonymous_0)
FNF:1
FNH:1
FNDA:12,(anonymous_0)
DA:1,2
DA:3,2
DA:29,2
DA:37,12
LF:4
LH:4
BRDA:37,0,0,12
BRDA:37,0,1,4
BRDA:37,0,2,3
BRF:3
BRH:3
end_of_record
TN:
SF:src\worker\consumer.ts
FN:7,createIndexes
FN:17,processEvent
FN:35,saveWithRetry
FN:44,(anonymous_3)
FN:50,consume
FN:62,(anonymous_5)
FNF:6
FNH:6
FNDA:1,createIndexes
FNDA:6,processEvent
FNDA:7,saveWithRetry
FNDA:1,(anonymous_3)
FNDA:3,consume
FNDA:1,(anonymous_5)
DA:1,1
DA:2,1
DA:3,1
DA:5,1
DA:7,1
DA:8,1
DA:9,1
DA:14,1
DA:17,1
DA:19,6
DA:20,6
DA:22,1
DA:23,1
DA:26,5
DA:27,5
DA:28,1
DA:29,1
DA:32,4
DA:35,1
DA:36,7
DA:37,7
DA:39,2
DA:40,1
DA:41,1
DA:43,1
DA:44,1
DA:45,1
DA:50,1
DA:51,3
DA:52,3
DA:54,3
DA:55,5
DA:56,5
DA:57,4
DA:58,3
DA:59,3
DA:61,1
DA:62,1
LF:38
LH:38
BRDA:27,0,0,1
BRDA:35,1,0,4
BRDA:39,2,0,1
BRDA:57,3,0,1
BRF:4
BRH:4
end_of_record
