TN:
SF:src\routes\events.ts
FN:9,(anonymous_0)
FN:26,(anonymous_1)
FN:61,(anonymous_2)
FNF:3
FNH:3
FNDA:7,(anonymous_0)
FNDA:10,(anonymous_1)
FNDA:3,(anonymous_2)
DA:1,1
DA:3,1
DA:4,1
DA:5,1
DA:7,1
DA:9,1
DA:10,7
DA:12,7
DA:13,5
DA:14,5
DA:17,2
DA:18,2
DA:19,1
DA:21,1
DA:22,1
DA:26,1
DA:27,10
DA:29,10
DA:30,3
DA:31,3
DA:34,7
DA:35,7
DA:36,7
DA:38,7
DA:39,7
DA:40,7
DA:41,2
DA:47,7
DA:54,6
DA:56,1
DA:57,1
DA:61,1
DA:62,3
DA:63,3
DA:67,1
DA:69,2
DA:70,2
DA:74,1
LF:38
LH:38
BRDA:12,0,0,5
BRDA:29,1,0,3
BRDA:38,2,0,2
BRDA:39,3,0,2
BRDA:40,4,0,2
BRDA:40,5,0,7
BRDA:40,5,1,5
BRDA:42,6,0,2
BRDA:42,6,1,2
BRDA:43,7,0,2
BRDA:43,7,1,2
BRF:11
BRH:11
end_of_record
TN:
SF:src\routes\health.ts
FN:7,(anonymous_0)
FN:9,(anonymous_1)
FN:10,(anonymous_2)
FNF:3
FNH:3
FNDA:6,(anonymous_0)
FNDA:1,(anonymous_1)
FNDA:1,(anonymous_2)
DA:1,1
DA:2,1
DA:3,1
DA:5,1
DA:7,1
DA:8,6
DA:9,1
DA:10,1
DA:13,6
DA:14,6
DA:20,1
LF:11
LH:11
BRDA:13,0,0,6
BRDA:13,0,1,3
BRDA:14,1,0,1
BRDA:14,1,1,5
BRDA:15,2,0,1
BRDA:15,2,1,5
BRF:6
BRH:6
end_of_record
TN:
SF:src\routes\metrics.ts
FN:6,(anonymous_0)
FN:26,(anonymous_1)
FNF:2
FNH:2
FNDA:8,(anonymous_0)
FNDA:12,(anonymous_1)
DA:1,1
DA:2,1
DA:4,1
DA:6,1
DA:7,8
DA:8,8
DA:10,8
DA:25,7
DA:26,12
DA:29,7
DA:31,1
DA:32,1
DA:36,1
LF:13
LH:13
BRF:0
BRH:0
end_of_record
TN:
SF:src\schemas\event.schema.ts
FN:24,(anonymous_0)
FNF:1
FNH:1
FNDA:9,(anonymous_0)
DA:1,2
DA:3,2
DA:18,2
DA:25,9
LF:4
LH:4
BRDA:25,0,0,9
BRDA:25,0,1,4
BRDA:25,0,2,3
BRF:3
BRH:3
end_of_record
TN:
SF:src\worker\consumer.ts
FN:7,createIndexes
FN:17,processEvent
FN:35,saveWithRetry
FN:44,(anonymous_3)
FN:50,consume
FN:62,(anonymous_5)
FNF:6
FNH:5
FNDA:1,createIndexes
FNDA:5,processEvent
FNDA:6,saveWithRetry
FNDA:1,(anonymous_3)
FNDA:2,consume
FNDA:0,(anonymous_5)
DA:1,1
DA:2,1
DA:3,1
DA:5,1
DA:7,1
DA:8,1
DA:9,1
DA:14,1
DA:17,1
DA:19,5
DA:20,5
DA:22,1
DA:23,1
DA:26,4
DA:27,4
DA:28,1
DA:29,1
DA:32,3
DA:35,1
DA:36,6
DA:37,6
DA:39,2
DA:40,1
DA:41,1
DA:43,1
DA:44,1
DA:45,1
DA:50,1
DA:51,2
DA:52,2
DA:54,2
DA:55,3
DA:56,3
DA:57,3
DA:58,2
DA:59,2
DA:61,0
DA:62,0
LF:38
LH:36
BRDA:27,0,0,1
BRDA:35,1,0,3
BRDA:39,2,0,1
BRDA:57,3,0,1
BRF:4
BRH:4
end_of_record
